2015-02-22 09:50:39: == Analyze runs in Compare MD5s mode, so it will run SLOWLY, as all file bodies have to be read to compute their MD5s
2015-02-22 09:50:39: -- Analysis Started by User
2015-02-22 09:50:54: /GridView/GridView-01/build/intermediates/model_data.bin: Conflict: File Modified on Both Sides
2015-02-22 09:50:54: /GridView/GridView-01/build/intermediates/model_data.bin: Sync will delete Folder /GridView/GridView-01/build/intermediates on Left because it is deleted on Right, File /GridView/GridView-01/build/intermediates/model_data.bin changed on Left (Vertical Conflict)
2015-02-22 09:50:54: Analyze has finished with Conflicts. Resolve Conflicts by selecting the correct sync direction, then click Sync
2015-02-22 09:50:54: Changes: 367, Conflicts: 2, CopyTime: 0, CopyState: 0/0, Errors: 0, All: 44556
2015-02-22 09:50:54: Right to Left: Delete File: 365 
2015-02-22 09:50:54: -- Analysis Complete. Time 00:00:15, Speed: 2277 files/s
2015-02-22 09:50:54: 
2015-02-22 09:50:57: == Sync Started by User
2015-02-22 09:50:57: Delete File '/Users/alxsoa/Desktop/Curso_de_Android/Exemplos/GridView/GridView-01/.gradle/2.2.1/taskArtifacts/cache.properties'
2015-02-22 09:50:57: Delete File '/Users/alxsoa/Desktop/Curso_de_Android/Exemplos/GridView/GridView-01/.gradle/2.2.1/taskArtifacts/cache.properties.lock'
2015-02-22 09:50:57: Delete File '/Users/alxsoa/Desktop/Curso_de_Android/Exemplos/GridView/GridView-01/.gradle/2.2.1/taskArtifacts/fileHashes.bin'
2015-02-22 09:50:57: Delete File '/Users/alxsoa/Desktop/Curso_de_Android/Exemplos/GridView/GridView-01/.gradle/2.2.1/taskArtifacts/fileSnapshots.bin'
2015-02-22 09:50:57: Delete File '/Users/alxsoa/Desktop/Curso_de_Android/Exemplos/GridView/GridView-01/.gradle/2.2.1/taskArtifacts/outputFileStates.bin'
2015-02-22 09:50:57: Delete File '/Users/alxsoa/Desktop/Curso_de_Android/Exemplos/GridView/GridView-01/.gradle/2.2.1/taskArtifacts/taskArtifacts.bin'
2015-02-22 09:50:57: Delete Folder '/Users/alxsoa/Desktop/Curso_de_Android/Exemplos/GridView/GridView-01/.gradle/2.2.1/taskArtifacts'
2015-02-22 09:50:57: Delete Folder '/Users/alxsoa/Desktop/Curso_de_Android/Exemplos/GridView/GridView-01/.gradle/2.2.1'
2015-02-22 09:50:57: Delete Folder '/Users/alxsoa/Desktop/Curso_de_Android/Exemplos/GridView/GridView-01/.gradle'
2015-02-22 09:50:57: Delete File '/Users/alxsoa/Desktop/Curso_de_Android/Exemplos/GridView/GridView-01/.idea/.name'
2015-02-22 09:50:57: Delete File '/Users/alxsoa/Desktop/Curso_de_Android/Exemplos/GridView/GridView-01/.idea/compiler.xml'
2015-02-22 09:50:57: Delete File '/Users/alxsoa/Desktop/Curso_de_Android/Exemplos/GridView/GridView-01/.idea/copyright/profiles_settings.xml'
2015-02-22 09:50:57: Delete Folder '/Users/alxsoa/Desktop/Curso_de_Android/Exemplos/GridView/GridView-01/.idea/copyright'
2015-02-22 09:50:57: Delete File '/Users/alxsoa/Desktop/Curso_de_Android/Exemplos/GridView/GridView-01/.idea/dictionaries/alxsoa.xml'
2015-02-22 09:50:57: Delete Folder '/Users/alxsoa/Desktop/Curso_de_Android/Exemplos/GridView/GridView-01/.idea/dictionaries'
2015-02-22 09:50:57: Delete File '/Users/alxsoa/Desktop/Curso_de_Android/Exemplos/GridView/GridView-01/.idea/encodings.xml'
2015-02-22 09:50:57: Delete File '/Users/alxsoa/Desktop/Curso_de_Android/Exemplos/GridView/GridView-01/.idea/gradle.xml'
2015-02-22 09:50:57: Delete File '/Users/alxsoa/Desktop/Curso_de_Android/Exemplos/GridView/GridView-01/.idea/misc.xml'
2015-02-22 09:50:57: Delete File '/Users/alxsoa/Desktop/Curso_de_Android/Exemplos/GridView/GridView-01/.idea/modules.xml'
2015-02-22 09:50:57: Delete File '/Users/alxsoa/Desktop/Curso_de_Android/Exemplos/GridView/GridView-01/.idea/scopes/scope_settings.xml'
2015-02-22 09:50:57: Delete Folder '/Users/alxsoa/Desktop/Curso_de_Android/Exemplos/GridView/GridView-01/.idea/scopes'
2015-02-22 09:50:57: Delete File '/Users/alxsoa/Desktop/Curso_de_Android/Exemplos/GridView/GridView-01/.idea/vcs.xml'
2015-02-22 09:50:57: Delete File '/Users/alxsoa/Desktop/Curso_de_Android/Exemplos/GridView/GridView-01/.idea/workspace.xml'
2015-02-22 09:50:57: Delete Folder '/Users/alxsoa/Desktop/Curso_de_Android/Exemplos/GridView/GridView-01/.idea'
2015-02-22 09:50:57: Delete File '/Users/alxsoa/Desktop/Curso_de_Android/Exemplos/GridView/GridView-01/app/app.iml'
2015-02-22 09:50:57: Delete File '/Users/alxsoa/Desktop/Curso_de_Android/Exemplos/GridView/GridView-01/app/build/generated/source/buildConfig/androidTest/debug/com/example/gridview_01/test/BuildConfig.java'
2015-02-22 09:50:57: Delete Folder '/Users/alxsoa/Desktop/Curso_de_Android/Exemplos/GridView/GridView-01/app/build/generated/source/buildConfig/androidTest/debug/com/example/gridview_01/test'
2015-02-22 09:50:57: Delete Folder '/Users/alxsoa/Desktop/Curso_de_Android/Exemplos/GridView/GridView-01/app/build/generated/source/buildConfig/androidTest/debug/com/example/gridview_01'
2015-02-22 09:50:57: Delete Folder '/Users/alxsoa/Desktop/Curso_de_Android/Exemplos/GridView/GridView-01/app/build/generated/source/buildConfig/androidTest/debug/com/example'
2015-02-22 09:50:57: Delete Folder '/Users/alxsoa/Desktop/Curso_de_Android/Exemplos/GridView/GridView-01/app/build/generated/source/buildConfig/androidTest/debug/com'
2015-02-22 09:50:57: Delete Folder '/Users/alxsoa/Desktop/Curso_de_Android/Exemplos/GridView/GridView-01/app/build/generated/source/buildConfig/androidTest/debug'
2015-02-22 09:50:57: Delete Folder '/Users/alxsoa/Desktop/Curso_de_Android/Exemplos/GridView/GridView-01/app/build/generated/source/buildConfig/androidTest'
2015-02-22 09:50:57: Delete File '/Users/alxsoa/Desktop/Curso_de_Android/Exemplos/GridView/GridView-01/app/build/generated/source/buildConfig/debug/com/example/gridview_01/BuildConfig.java'
2015-02-22 09:50:57: Delete Folder '/Users/alxsoa/Desktop/Curso_de_Android/Exemplos/GridView/GridView-01/app/build/generated/source/buildConfig/debug/com/example/gridview_01'
2015-02-22 09:50:57: Delete Folder '/Users/alxsoa/Desktop/Curso_de_Android/Exemplos/GridView/GridView-01/app/build/generated/source/buildConfig/debug/com/example'
2015-02-22 09:50:57: Delete Folder '/Users/alxsoa/Desktop/Curso_de_Android/Exemplos/GridView/GridView-01/app/build/generated/source/buildConfig/debug/com'
2015-02-22 09:50:57: Delete Folder '/Users/alxsoa/Desktop/Curso_de_Android/Exemplos/GridView/GridView-01/app/build/generated/source/buildConfig/debug'
2015-02-22 09:50:57: Delete Folder '/Users/alxsoa/Desktop/Curso_de_Android/Exemplos/GridView/GridView-01/app/build/generated/source/buildConfig'
2015-02-22 09:50:57: Delete File '/Users/alxsoa/Desktop/Curso_de_Android/Exemplos/GridView/GridView-01/app/build/generated/source/r/debug/com/example/gridview_01/R.java'
2015-02-22 09:50:57: Delete Folder '/Users/alxsoa/Desktop/Curso_de_Android/Exemplos/GridView/GridView-01/app/build/generated/source/r/debug/com/example/gridview_01'
2015-02-22 09:50:57: Delete Folder '/Users/alxsoa/Desktop/Curso_de_Android/Exemplos/GridView/GridView-01/app/build/generated/source/r/debug/com/example'
2015-02-22 09:50:57: Delete Folder '/Users/alxsoa/Desktop/Curso_de_Android/Exemplos/GridView/GridView-01/app/build/generated/source/r/debug/com'
2015-02-22 09:50:57: Delete Folder '/Users/alxsoa/Desktop/Curso_de_Android/Exemplos/GridView/GridView-01/app/build/generated/source/r/debug'
2015-02-22 09:50:57: Delete Folder '/Users/alxsoa/Desktop/Curso_de_Android/Exemplos/GridView/GridView-01/app/build/generated/source/r'
2015-02-22 09:50:57: Delete Folder '/Users/alxsoa/Desktop/Curso_de_Android/Exemplos/GridView/GridView-01/app/build/generated/source'
2015-02-22 09:50:57: Delete Folder '/Users/alxsoa/Desktop/Curso_de_Android/Exemplos/GridView/GridView-01/app/build/generated'
2015-02-22 09:50:57: Delete File '/Users/alxsoa/Desktop/Curso_de_Android/Exemplos/GridView/GridView-01/app/build/intermediates/classes/debug/com/example/gridview_01/BuildConfig.class'
2015-02-22 09:50:57: Delete File '/Users/alxsoa/Desktop/Curso_de_Android/Exemplos/GridView/GridView-01/app/build/intermediates/classes/debug/com/example/gridview_01/ClassePrincipal.class'
2015-02-22 09:50:57: Delete File '/Users/alxsoa/Desktop/Curso_de_Android/Exemplos/GridView/GridView-01/app/build/intermediates/classes/debug/com/example/gridview_01/ImageAdapter.class'
2015-02-22 09:50:57: Delete File '/Users/alxsoa/Desktop/Curso_de_Android/Exemplos/GridView/GridView-01/app/build/intermediates/classes/debug/com/example/gridview_01/R$attr.class'
2015-02-22 09:50:57: Delete File '/Users/alxsoa/Desktop/Curso_de_Android/Exemplos/GridView/GridView-01/app/build/intermediates/classes/debug/com/example/gridview_01/R$drawable.class'
2015-02-22 09:50:57: Delete File '/Users/alxsoa/Desktop/Curso_de_Android/Exemplos/GridView/GridView-01/app/build/intermediates/classes/debug/com/example/gridview_01/R$id.class'
2015-02-22 09:50:57: Delete File '/Users/alxsoa/Desktop/Curso_de_Android/Exemplos/GridView/GridView-01/app/build/intermediates/classes/debug/com/example/gridview_01/R$layout.class'
2015-02-22 09:50:57: Delete File '/Users/alxsoa/Desktop/Curso_de_Android/Exemplos/GridView/GridView-01/app/build/intermediates/classes/debug/com/example/gridview_01/R$string.class'
2015-02-22 09:50:57: Delete File '/Users/alxsoa/Desktop/Curso_de_Android/Exemplos/GridView/GridView-01/app/build/intermediates/classes/debug/com/example/gridview_01/R.class'
2015-02-22 09:50:57: Delete Folder '/Users/alxsoa/Desktop/Curso_de_Android/Exemplos/GridView/GridView-01/app/build/intermediates/classes/debug/com/example/gridview_01'
2015-02-22 09:50:57: Delete Folder '/Users/alxsoa/Desktop/Curso_de_Android/Exemplos/GridView/GridView-01/app/build/intermediates/classes/debug/com/example'
2015-02-22 09:50:57: Delete Folder '/Users/alxsoa/Desktop/Curso_de_Android/Exemplos/GridView/GridView-01/app/build/intermediates/classes/debug/com'
2015-02-22 09:50:57: Delete Folder '/Users/alxsoa/Desktop/Curso_de_Android/Exemplos/GridView/GridView-01/app/build/intermediates/classes/debug'
2015-02-22 09:50:57: Delete Folder '/Users/alxsoa/Desktop/Curso_de_Android/Exemplos/GridView/GridView-01/app/build/intermediates/classes'
2015-02-22 09:50:57: Delete File '/Users/alxsoa/Desktop/Curso_de_Android/Exemplos/GridView/GridView-01/app/build/intermediates/dex/debug/classes.dex'
2015-02-22 09:50:57: Delete Folder '/Users/alxsoa/Desktop/Curso_de_Android/Exemplos/GridView/GridView-01/app/build/intermediates/dex/debug'
2015-02-22 09:50:57: Delete Folder '/Users/alxsoa/Desktop/Curso_de_Android/Exemplos/GridView/GridView-01/app/build/intermediates/dex'
2015-02-22 09:50:57: Delete File '/Users/alxsoa/Desktop/Curso_de_Android/Exemplos/GridView/GridView-01/app/build/intermediates/incremental/aidl/androidTest/debug/dependency.store'
2015-02-22 09:50:57: Delete Folder '/Users/alxsoa/Desktop/Curso_de_Android/Exemplos/GridView/GridView-01/app/build/intermediates/incremental/aidl/androidTest/debug'
2015-02-22 09:50:57: Delete Folder '/Users/alxsoa/Desktop/Curso_de_Android/Exemplos/GridView/GridView-01/app/build/intermediates/incremental/aidl/androidTest'
2015-02-22 09:50:57: Delete File '/Users/alxsoa/Desktop/Curso_de_Android/Exemplos/GridView/GridView-01/app/build/intermediates/incremental/aidl/debug/dependency.store'
2015-02-22 09:50:57: Delete Folder '/Users/alxsoa/Desktop/Curso_de_Android/Exemplos/GridView/GridView-01/app/build/intermediates/incremental/aidl/debug'
2015-02-22 09:50:57: Delete Folder '/Users/alxsoa/Desktop/Curso_de_Android/Exemplos/GridView/GridView-01/app/build/intermediates/incremental/aidl'
2015-02-22 09:50:57: Delete File '/Users/alxsoa/Desktop/Curso_de_Android/Exemplos/GridView/GridView-01/app/build/intermediates/incremental/mergeAssets/androidTest/debug/merger.xml'
2015-02-22 09:50:57: Delete Folder '/Users/alxsoa/Desktop/Curso_de_Android/Exemplos/GridView/GridView-01/app/build/intermediates/incremental/mergeAssets/androidTest/debug'
2015-02-22 09:50:57: Delete Folder '/Users/alxsoa/Desktop/Curso_de_Android/Exemplos/GridView/GridView-01/app/build/intermediates/incremental/mergeAssets/androidTest'
2015-02-22 09:50:57: Delete File '/Users/alxsoa/Desktop/Curso_de_Android/Exemplos/GridView/GridView-01/app/build/intermediates/incremental/mergeAssets/debug/merger.xml'
2015-02-22 09:50:57: Delete Folder '/Users/alxsoa/Desktop/Curso_de_Android/Exemplos/GridView/GridView-01/app/build/intermediates/incremental/mergeAssets/debug'
2015-02-22 09:50:57: Delete Folder '/Users/alxsoa/Desktop/Curso_de_Android/Exemplos/GridView/GridView-01/app/build/intermediates/incremental/mergeAssets'
2015-02-22 09:50:57: Delete File '/Users/alxsoa/Desktop/Curso_de_Android/Exemplos/GridView/GridView-01/app/build/intermediates/incremental/mergeResources/androidTest/debug/merger.xml'
2015-02-22 09:50:57: Delete Folder '/Users/alxsoa/Desktop/Curso_de_Android/Exemplos/GridView/GridView-01/app/build/intermediates/incremental/mergeResources/androidTest/debug'
2015-02-22 09:50:57: Delete Folder '/Users/alxsoa/Desktop/Curso_de_Android/Exemplos/GridView/GridView-01/app/build/intermediates/incremental/mergeResources/androidTest'
2015-02-22 09:50:57: Delete File '/Users/alxsoa/Desktop/Curso_de_Android/Exemplos/GridView/GridView-01/app/build/intermediates/incremental/mergeResources/debug/merger.xml'
2015-02-22 09:50:57: Delete Folder '/Users/alxsoa/Desktop/Curso_de_Android/Exemplos/GridView/GridView-01/app/build/intermediates/incremental/mergeResources/debug'
2015-02-22 09:50:57: Delete Folder '/Users/alxsoa/Desktop/Curso_de_Android/Exemplos/GridView/GridView-01/app/build/intermediates/incremental/mergeResources'
2015-02-22 09:50:57: Delete Folder '/Users/alxsoa/Desktop/Curso_de_Android/Exemplos/GridView/GridView-01/app/build/intermediates/incremental'
2015-02-22 09:50:57: Delete File '/Users/alxsoa/Desktop/Curso_de_Android/Exemplos/GridView/GridView-01/app/build/intermediates/manifests/androidTest/debug/AndroidManifest.xml'
2015-02-22 09:50:57: Delete Folder '/Users/alxsoa/Desktop/Curso_de_Android/Exemplos/GridView/GridView-01/app/build/intermediates/manifests/androidTest/debug'
2015-02-22 09:50:57: Delete Folder '/Users/alxsoa/Desktop/Curso_de_Android/Exemplos/GridView/GridView-01/app/build/intermediates/manifests/androidTest'
2015-02-22 09:50:57: Delete File '/Users/alxsoa/Desktop/Curso_de_Android/Exemplos/GridView/GridView-01/app/build/intermediates/manifests/full/debug/AndroidManifest.xml'
2015-02-22 09:50:57: Delete Folder '/Users/alxsoa/Desktop/Curso_de_Android/Exemplos/GridView/GridView-01/app/build/intermediates/manifests/full/debug'
2015-02-22 09:50:57: Delete Folder '/Users/alxsoa/Desktop/Curso_de_Android/Exemplos/GridView/GridView-01/app/build/intermediates/manifests/full'
2015-02-22 09:50:57: Delete Folder '/Users/alxsoa/Desktop/Curso_de_Android/Exemplos/GridView/GridView-01/app/build/intermediates/manifests'
2015-02-22 09:50:57: Delete File '/Users/alxsoa/Desktop/Curso_de_Android/Exemplos/GridView/GridView-01/app/build/intermediates/res/debug/drawable-hdpi-v4/barbados.jpg'
2015-02-22 09:50:57: Delete File '/Users/alxsoa/Desktop/Curso_de_Android/Exemplos/GridView/GridView-01/app/build/intermediates/res/debug/drawable-hdpi-v4/brasil.jpg'
2015-02-22 09:50:57: Delete File '/Users/alxsoa/Desktop/Curso_de_Android/Exemplos/GridView/GridView-01/app/build/intermediates/res/debug/drawable-hdpi-v4/canada.jpg'
2015-02-22 09:50:57: Delete File '/Users/alxsoa/Desktop/Curso_de_Android/Exemplos/GridView/GridView-01/app/build/intermediates/res/debug/drawable-hdpi-v4/chile.jpg'
2015-02-22 09:50:57: Delete File '/Users/alxsoa/Desktop/Curso_de_Android/Exemplos/GridView/GridView-01/app/build/intermediates/res/debug/drawable-hdpi-v4/costarica.jpg'
2015-02-22 09:50:57: Delete File '/Users/alxsoa/Desktop/Curso_de_Android/Exemplos/GridView/GridView-01/app/build/intermediates/res/debug/drawable-hdpi-v4/elsalvador.jpg'
2015-02-22 09:50:57: Delete File '/Users/alxsoa/Desktop/Curso_de_Android/Exemplos/GridView/GridView-01/app/build/intermediates/res/debug/drawable-hdpi-v4/estadosunidos.jpg'
2015-02-22 09:50:57: Delete File '/Users/alxsoa/Desktop/Curso_de_Android/Exemplos/GridView/GridView-01/app/build/intermediates/res/debug/drawable-hdpi-v4/honduras.jpg'
2015-02-22 09:50:57: Delete File '/Users/alxsoa/Desktop/Curso_de_Android/Exemplos/GridView/GridView-01/app/build/intermediates/res/debug/drawable-hdpi-v4/ic_launcher.png'
2015-02-22 09:50:57: Delete File '/Users/alxsoa/Desktop/Curso_de_Android/Exemplos/GridView/GridView-01/app/build/intermediates/res/debug/drawable-hdpi-v4/logo.png'
2015-02-22 09:50:57: Delete Folder '/Users/alxsoa/Desktop/Curso_de_Android/Exemplos/GridView/GridView-01/app/build/intermediates/res/debug/drawable-hdpi-v4'
2015-02-22 09:50:57: Delete File '/Users/alxsoa/Desktop/Curso_de_Android/Exemplos/GridView/GridView-01/app/build/intermediates/res/debug/drawable-ldpi-v4/ic_launcher.png'
2015-02-22 09:50:57: Delete Folder '/Users/alxsoa/Desktop/Curso_de_Android/Exemplos/GridView/GridView-01/app/build/intermediates/res/debug/drawable-ldpi-v4'
2015-02-22 09:50:57: Delete File '/Users/alxsoa/Desktop/Curso_de_Android/Exemplos/GridView/GridView-01/app/build/intermediates/res/debug/drawable-mdpi-v4/ic_launcher.png'
2015-02-22 09:50:57: Delete Folder '/Users/alxsoa/Desktop/Curso_de_Android/Exemplos/GridView/GridView-01/app/build/intermediates/res/debug/drawable-mdpi-v4'
2015-02-22 09:50:57: Delete File '/Users/alxsoa/Desktop/Curso_de_Android/Exemplos/GridView/GridView-01/app/build/intermediates/res/debug/drawable-xhdpi-v4/ic_launcher.png'
2015-02-22 09:50:57: Delete Folder '/Users/alxsoa/Desktop/Curso_de_Android/Exemplos/GridView/GridView-01/app/build/intermediates/res/debug/drawable-xhdpi-v4'
2015-02-22 09:50:57: Delete File '/Users/alxsoa/Desktop/Curso_de_Android/Exemplos/GridView/GridView-01/app/build/intermediates/res/debug/drawable-xxhdpi-v4/ic_launcher.png'
2015-02-22 09:50:57: Delete Folder '/Users/alxsoa/Desktop/Curso_de_Android/Exemplos/GridView/GridView-01/app/build/intermediates/res/debug/drawable-xxhdpi-v4'
2015-02-22 09:50:57: Delete File '/Users/alxsoa/Desktop/Curso_de_Android/Exemplos/GridView/GridView-01/app/build/intermediates/res/debug/drawable-xxxhdpi-v4/ic_launcher.png'
2015-02-22 09:50:57: Delete Folder '/Users/alxsoa/Desktop/Curso_de_Android/Exemplos/GridView/GridView-01/app/build/intermediates/res/debug/drawable-xxxhdpi-v4'
2015-02-22 09:50:57: Delete File '/Users/alxsoa/Desktop/Curso_de_Android/Exemplos/GridView/GridView-01/app/build/intermediates/res/debug/layout/main.xml'
2015-02-22 09:50:57: Delete Folder '/Users/alxsoa/Desktop/Curso_de_Android/Exemplos/GridView/GridView-01/app/build/intermediates/res/debug/layout'
2015-02-22 09:50:57: Delete File '/Users/alxsoa/Desktop/Curso_de_Android/Exemplos/GridView/GridView-01/app/build/intermediates/res/debug/values/values.xml'
2015-02-22 09:50:57: Delete Folder '/Users/alxsoa/Desktop/Curso_de_Android/Exemplos/GridView/GridView-01/app/build/intermediates/res/debug/values'
2015-02-22 09:50:57: Delete Folder '/Users/alxsoa/Desktop/Curso_de_Android/Exemplos/GridView/GridView-01/app/build/intermediates/res/debug'
2015-02-22 09:50:57: Delete Folder '/Users/alxsoa/Desktop/Curso_de_Android/Exemplos/GridView/GridView-01/app/build/intermediates/res'
2015-02-22 09:50:57: Delete File '/Users/alxsoa/Desktop/Curso_de_Android/Exemplos/GridView/GridView-01/app/build/intermediates/resources/resources-debug-androidTest.ap_'
2015-02-22 09:50:57: Delete File '/Users/alxsoa/Desktop/Curso_de_Android/Exemplos/GridView/GridView-01/app/build/intermediates/resources/resources-debug.ap_'
2015-02-22 09:50:57: Delete Folder '/Users/alxsoa/Desktop/Curso_de_Android/Exemplos/GridView/GridView-01/app/build/intermediates/resources'
2015-02-22 09:50:57: Delete Folder '/Users/alxsoa/Desktop/Curso_de_Android/Exemplos/GridView/GridView-01/app/build/intermediates'
2015-02-22 09:50:57: Delete File '/Users/alxsoa/Desktop/Curso_de_Android/Exemplos/GridView/GridView-01/app/build/outputs/apk/app-debug-unaligned.apk'
2015-02-22 09:50:57: Delete File '/Users/alxsoa/Desktop/Curso_de_Android/Exemplos/GridView/GridView-01/app/build/outputs/apk/app-debug.apk'
2015-02-22 09:50:57: Delete Folder '/Users/alxsoa/Desktop/Curso_de_Android/Exemplos/GridView/GridView-01/app/build/outputs/apk'
2015-02-22 09:50:57: Delete File '/Users/alxsoa/Desktop/Curso_de_Android/Exemplos/GridView/GridView-01/app/build/outputs/logs/manifest-merger-debug-report.txt'
2015-02-22 09:50:57: Delete Folder '/Users/alxsoa/Desktop/Curso_de_Android/Exemplos/GridView/GridView-01/app/build/outputs/logs'
2015-02-22 09:50:57: Delete Folder '/Users/alxsoa/Desktop/Curso_de_Android/Exemplos/GridView/GridView-01/app/build/outputs'
2015-02-22 09:50:57: Delete Folder '/Users/alxsoa/Desktop/Curso_de_Android/Exemplos/GridView/GridView-01/app/build'
2015-02-22 09:50:57: Delete File '/Users/alxsoa/Desktop/Curso_de_Android/Exemplos/GridView/GridView-01/app/build.gradle'
2015-02-22 09:50:57: Delete File '/Users/alxsoa/Desktop/Curso_de_Android/Exemplos/GridView/GridView-01/app/src/main/AndroidManifest.xml'
2015-02-22 09:50:57: Delete File '/Users/alxsoa/Desktop/Curso_de_Android/Exemplos/GridView/GridView-01/app/src/main/java/com/example/gridview_01/ClassePrincipal.java'
2015-02-22 09:50:57: Delete File '/Users/alxsoa/Desktop/Curso_de_Android/Exemplos/GridView/GridView-01/app/src/main/java/com/example/gridview_01/ImageAdapter.java'
2015-02-22 09:50:57: Delete Folder '/Users/alxsoa/Desktop/Curso_de_Android/Exemplos/GridView/GridView-01/app/src/main/java/com/example/gridview_01'
2015-02-22 09:50:57: Delete Folder '/Users/alxsoa/Desktop/Curso_de_Android/Exemplos/GridView/GridView-01/app/src/main/java/com/example'
2015-02-22 09:50:57: Delete Folder '/Users/alxsoa/Desktop/Curso_de_Android/Exemplos/GridView/GridView-01/app/src/main/java/com'
2015-02-22 09:50:57: Delete Folder '/Users/alxsoa/Desktop/Curso_de_Android/Exemplos/GridView/GridView-01/app/src/main/java'
2015-02-22 09:50:57: Delete File '/Users/alxsoa/Desktop/Curso_de_Android/Exemplos/GridView/GridView-01/app/src/main/res/drawable-hdpi/barbados.jpg'
2015-02-22 09:50:57: Delete File '/Users/alxsoa/Desktop/Curso_de_Android/Exemplos/GridView/GridView-01/app/src/main/res/drawable-hdpi/brasil.jpg'
2015-02-22 09:50:57: Delete File '/Users/alxsoa/Desktop/Curso_de_Android/Exemplos/GridView/GridView-01/app/src/main/res/drawable-hdpi/canada.jpg'
2015-02-22 09:50:57: Delete File '/Users/alxsoa/Desktop/Curso_de_Android/Exemplos/GridView/GridView-01/app/src/main/res/drawable-hdpi/chile.jpg'
2015-02-22 09:50:57: Delete File '/Users/alxsoa/Desktop/Curso_de_Android/Exemplos/GridView/GridView-01/app/src/main/res/drawable-hdpi/costarica.jpg'
2015-02-22 09:50:57: Delete File '/Users/alxsoa/Desktop/Curso_de_Android/Exemplos/GridView/GridView-01/app/src/main/res/drawable-hdpi/elsalvador.jpg'
2015-02-22 09:50:57: Delete File '/Users/alxsoa/Desktop/Curso_de_Android/Exemplos/GridView/GridView-01/app/src/main/res/drawable-hdpi/estadosunidos.jpg'
2015-02-22 09:50:57: Delete File '/Users/alxsoa/Desktop/Curso_de_Android/Exemplos/GridView/GridView-01/app/src/main/res/drawable-hdpi/honduras.jpg'
2015-02-22 09:50:57: Delete File '/Users/alxsoa/Desktop/Curso_de_Android/Exemplos/GridView/GridView-01/app/src/main/res/drawable-hdpi/ic_launcher.png'
2015-02-22 09:50:57: Delete File '/Users/alxsoa/Desktop/Curso_de_Android/Exemplos/GridView/GridView-01/app/src/main/res/drawable-hdpi/logo.png'
2015-02-22 09:50:57: Delete Folder '/Users/alxsoa/Desktop/Curso_de_Android/Exemplos/GridView/GridView-01/app/src/main/res/drawable-hdpi'
2015-02-22 09:50:57: Delete File '/Users/alxsoa/Desktop/Curso_de_Android/Exemplos/GridView/GridView-01/app/src/main/res/drawable-ldpi/ic_launcher.png'
2015-02-22 09:50:57: Delete Folder '/Users/alxsoa/Desktop/Curso_de_Android/Exemplos/GridView/GridView-01/app/src/main/res/drawable-ldpi'
2015-02-22 09:50:57: Delete File '/Users/alxsoa/Desktop/Curso_de_Android/Exemplos/GridView/GridView-01/app/src/main/res/drawable-mdpi/ic_launcher.png'
2015-02-22 09:50:57: Delete Folder '/Users/alxsoa/Desktop/Curso_de_Android/Exemplos/GridView/GridView-01/app/src/main/res/drawable-mdpi'
2015-02-22 09:50:57: Delete File '/Users/alxsoa/Desktop/Curso_de_Android/Exemplos/GridView/GridView-01/app/src/main/res/drawable-xhdpi/ic_launcher.png'
2015-02-22 09:50:57: Delete Folder '/Users/alxsoa/Desktop/Curso_de_Android/Exemplos/GridView/GridView-01/app/src/main/res/drawable-xhdpi'
2015-02-22 09:50:57: Delete File '/Users/alxsoa/Desktop/Curso_de_Android/Exemplos/GridView/GridView-01/app/src/main/res/drawable-xxhdpi/ic_launcher.png'
2015-02-22 09:50:57: Delete Folder '/Users/alxsoa/Desktop/Curso_de_Android/Exemplos/GridView/GridView-01/app/src/main/res/drawable-xxhdpi'
2015-02-22 09:50:57: Delete File '/Users/alxsoa/Desktop/Curso_de_Android/Exemplos/GridView/GridView-01/app/src/main/res/drawable-xxxhdpi/ic_launcher.png'
2015-02-22 09:50:57: Delete Folder '/Users/alxsoa/Desktop/Curso_de_Android/Exemplos/GridView/GridView-01/app/src/main/res/drawable-xxxhdpi'
2015-02-22 09:50:57: Delete File '/Users/alxsoa/Desktop/Curso_de_Android/Exemplos/GridView/GridView-01/app/src/main/res/layout/main.xml'
2015-02-22 09:50:57: Delete Folder '/Users/alxsoa/Desktop/Curso_de_Android/Exemplos/GridView/GridView-01/app/src/main/res/layout'
2015-02-22 09:50:57: Delete File '/Users/alxsoa/Desktop/Curso_de_Android/Exemplos/GridView/GridView-01/app/src/main/res/values/strings.xml'
2015-02-22 09:50:57: Delete Folder '/Users/alxsoa/Desktop/Curso_de_Android/Exemplos/GridView/GridView-01/app/src/main/res/values'
2015-02-22 09:50:57: Delete Folder '/Users/alxsoa/Desktop/Curso_de_Android/Exemplos/GridView/GridView-01/app/src/main/res'
2015-02-22 09:50:57: Delete Folder '/Users/alxsoa/Desktop/Curso_de_Android/Exemplos/GridView/GridView-01/app/src/main'
2015-02-22 09:50:57: Delete Folder '/Users/alxsoa/Desktop/Curso_de_Android/Exemplos/GridView/GridView-01/app/src'
2015-02-22 09:50:57: Delete Folder '/Users/alxsoa/Desktop/Curso_de_Android/Exemplos/GridView/GridView-01/app'
2015-02-22 09:50:57: Delete File '/Users/alxsoa/Desktop/Curso_de_Android/Exemplos/GridView/GridView-01/build.gradle'
2015-02-22 09:50:57: Delete File '/Users/alxsoa/Desktop/Curso_de_Android/Exemplos/GridView/GridView-01/gradle/wrapper/gradle-wrapper.jar'
2015-02-22 09:50:57: Delete File '/Users/alxsoa/Desktop/Curso_de_Android/Exemplos/GridView/GridView-01/gradle/wrapper/gradle-wrapper.properties'
2015-02-22 09:50:57: Delete Folder '/Users/alxsoa/Desktop/Curso_de_Android/Exemplos/GridView/GridView-01/gradle/wrapper'
2015-02-22 09:50:57: Delete Folder '/Users/alxsoa/Desktop/Curso_de_Android/Exemplos/GridView/GridView-01/gradle'
2015-02-22 09:50:57: Delete File '/Users/alxsoa/Desktop/Curso_de_Android/Exemplos/GridView/GridView-01/gradlew'
2015-02-22 09:50:57: Delete File '/Users/alxsoa/Desktop/Curso_de_Android/Exemplos/GridView/GridView-01/gradlew.bat'
2015-02-22 09:50:57: Delete File '/Users/alxsoa/Desktop/Curso_de_Android/Exemplos/GridView/GridView-01/GridView-01.iml'
2015-02-22 09:50:57: Delete File '/Users/alxsoa/Desktop/Curso_de_Android/Exemplos/GridView/GridView-01/import-summary.txt'
2015-02-22 09:50:57: Delete File '/Users/alxsoa/Desktop/Curso_de_Android/Exemplos/GridView/GridView-01/local.properties'
2015-02-22 09:50:57: Delete File '/Users/alxsoa/Desktop/Curso_de_Android/Exemplos/GridView/GridView-01/settings.gradle'
2015-02-22 09:50:57: Delete File '/Users/alxsoa/Desktop/Curso_de_Android/Exemplos/GridView/GridView-02/.gradle/2.2.1/taskArtifacts/cache.properties'
2015-02-22 09:50:57: Delete File '/Users/alxsoa/Desktop/Curso_de_Android/Exemplos/GridView/GridView-02/.gradle/2.2.1/taskArtifacts/cache.properties.lock'
2015-02-22 09:50:57: Delete File '/Users/alxsoa/Desktop/Curso_de_Android/Exemplos/GridView/GridView-02/.gradle/2.2.1/taskArtifacts/fileHashes.bin'
2015-02-22 09:50:57: Delete File '/Users/alxsoa/Desktop/Curso_de_Android/Exemplos/GridView/GridView-02/.gradle/2.2.1/taskArtifacts/fileSnapshots.bin'
2015-02-22 09:50:57: Delete File '/Users/alxsoa/Desktop/Curso_de_Android/Exemplos/GridView/GridView-02/.gradle/2.2.1/taskArtifacts/outputFileStates.bin'
2015-02-22 09:50:57: Delete File '/Users/alxsoa/Desktop/Curso_de_Android/Exemplos/GridView/GridView-02/.gradle/2.2.1/taskArtifacts/taskArtifacts.bin'
2015-02-22 09:50:57: Delete Folder '/Users/alxsoa/Desktop/Curso_de_Android/Exemplos/GridView/GridView-02/.gradle/2.2.1/taskArtifacts'
2015-02-22 09:50:57: Delete Folder '/Users/alxsoa/Desktop/Curso_de_Android/Exemplos/GridView/GridView-02/.gradle/2.2.1'
2015-02-22 09:50:57: Delete Folder '/Users/alxsoa/Desktop/Curso_de_Android/Exemplos/GridView/GridView-02/.gradle'
2015-02-22 09:50:57: Delete File '/Users/alxsoa/Desktop/Curso_de_Android/Exemplos/GridView/GridView-02/.idea/.name'
2015-02-22 09:50:57: Delete File '/Users/alxsoa/Desktop/Curso_de_Android/Exemplos/GridView/GridView-02/.idea/compiler.xml'
2015-02-22 09:50:57: Delete File '/Users/alxsoa/Desktop/Curso_de_Android/Exemplos/GridView/GridView-02/.idea/copyright/profiles_settings.xml'
2015-02-22 09:50:57: Delete Folder '/Users/alxsoa/Desktop/Curso_de_Android/Exemplos/GridView/GridView-02/.idea/copyright'
2015-02-22 09:50:57: Delete File '/Users/alxsoa/Desktop/Curso_de_Android/Exemplos/GridView/GridView-02/.idea/dictionaries/alxsoa.xml'
2015-02-22 09:50:57: Delete Folder '/Users/alxsoa/Desktop/Curso_de_Android/Exemplos/GridView/GridView-02/.idea/dictionaries'
2015-02-22 09:50:57: Delete File '/Users/alxsoa/Desktop/Curso_de_Android/Exemplos/GridView/GridView-02/.idea/encodings.xml'
2015-02-22 09:50:57: Delete File '/Users/alxsoa/Desktop/Curso_de_Android/Exemplos/GridView/GridView-02/.idea/gradle.xml'
2015-02-22 09:50:57: Delete File '/Users/alxsoa/Desktop/Curso_de_Android/Exemplos/GridView/GridView-02/.idea/misc.xml'
2015-02-22 09:50:57: Delete File '/Users/alxsoa/Desktop/Curso_de_Android/Exemplos/GridView/GridView-02/.idea/modules.xml'
2015-02-22 09:50:57: Delete File '/Users/alxsoa/Desktop/Curso_de_Android/Exemplos/GridView/GridView-02/.idea/scopes/scope_settings.xml'
2015-02-22 09:50:57: Delete Folder '/Users/alxsoa/Desktop/Curso_de_Android/Exemplos/GridView/GridView-02/.idea/scopes'
2015-02-22 09:50:57: Delete File '/Users/alxsoa/Desktop/Curso_de_Android/Exemplos/GridView/GridView-02/.idea/vcs.xml'
2015-02-22 09:50:57: Delete File '/Users/alxsoa/Desktop/Curso_de_Android/Exemplos/GridView/GridView-02/.idea/workspace.xml'
2015-02-22 09:50:57: Delete Folder '/Users/alxsoa/Desktop/Curso_de_Android/Exemplos/GridView/GridView-02/.idea'
2015-02-22 09:50:57: Delete File '/Users/alxsoa/Desktop/Curso_de_Android/Exemplos/GridView/GridView-02/app/app.iml'
2015-02-22 09:50:57: Delete File '/Users/alxsoa/Desktop/Curso_de_Android/Exemplos/GridView/GridView-02/app/build/generated/source/buildConfig/androidTest/debug/com/example/gridview_02/test/BuildConfig.java'
2015-02-22 09:50:57: Delete Folder '/Users/alxsoa/Desktop/Curso_de_Android/Exemplos/GridView/GridView-02/app/build/generated/source/buildConfig/androidTest/debug/com/example/gridview_02/test'
2015-02-22 09:50:57: Delete Folder '/Users/alxsoa/Desktop/Curso_de_Android/Exemplos/GridView/GridView-02/app/build/generated/source/buildConfig/androidTest/debug/com/example/gridview_02'
2015-02-22 09:50:57: Delete Folder '/Users/alxsoa/Desktop/Curso_de_Android/Exemplos/GridView/GridView-02/app/build/generated/source/buildConfig/androidTest/debug/com/example'
2015-02-22 09:50:57: Delete Folder '/Users/alxsoa/Desktop/Curso_de_Android/Exemplos/GridView/GridView-02/app/build/generated/source/buildConfig/androidTest/debug/com'
2015-02-22 09:50:57: Delete Folder '/Users/alxsoa/Desktop/Curso_de_Android/Exemplos/GridView/GridView-02/app/build/generated/source/buildConfig/androidTest/debug'
2015-02-22 09:50:57: Delete Folder '/Users/alxsoa/Desktop/Curso_de_Android/Exemplos/GridView/GridView-02/app/build/generated/source/buildConfig/androidTest'
2015-02-22 09:50:57: Delete File '/Users/alxsoa/Desktop/Curso_de_Android/Exemplos/GridView/GridView-02/app/build/generated/source/buildConfig/debug/com/example/gridview_02/BuildConfig.java'
2015-02-22 09:50:57: Delete Folder '/Users/alxsoa/Desktop/Curso_de_Android/Exemplos/GridView/GridView-02/app/build/generated/source/buildConfig/debug/com/example/gridview_02'
2015-02-22 09:50:57: Delete Folder '/Users/alxsoa/Desktop/Curso_de_Android/Exemplos/GridView/GridView-02/app/build/generated/source/buildConfig/debug/com/example'
2015-02-22 09:50:57: Delete Folder '/Users/alxsoa/Desktop/Curso_de_Android/Exemplos/GridView/GridView-02/app/build/generated/source/buildConfig/debug/com'
2015-02-22 09:50:57: Delete Folder '/Users/alxsoa/Desktop/Curso_de_Android/Exemplos/GridView/GridView-02/app/build/generated/source/buildConfig/debug'
2015-02-22 09:50:57: Delete Folder '/Users/alxsoa/Desktop/Curso_de_Android/Exemplos/GridView/GridView-02/app/build/generated/source/buildConfig'
2015-02-22 09:50:57: Delete File '/Users/alxsoa/Desktop/Curso_de_Android/Exemplos/GridView/GridView-02/app/build/generated/source/r/debug/com/example/gridview_02/R.java'
2015-02-22 09:50:57: Delete Folder '/Users/alxsoa/Desktop/Curso_de_Android/Exemplos/GridView/GridView-02/app/build/generated/source/r/debug/com/example/gridview_02'
2015-02-22 09:50:57: Delete Folder '/Users/alxsoa/Desktop/Curso_de_Android/Exemplos/GridView/GridView-02/app/build/generated/source/r/debug/com/example'
2015-02-22 09:50:57: Delete Folder '/Users/alxsoa/Desktop/Curso_de_Android/Exemplos/GridView/GridView-02/app/build/generated/source/r/debug/com'
2015-02-22 09:50:57: Delete Folder '/Users/alxsoa/Desktop/Curso_de_Android/Exemplos/GridView/GridView-02/app/build/generated/source/r/debug'
2015-02-22 09:50:57: Delete Folder '/Users/alxsoa/Desktop/Curso_de_Android/Exemplos/GridView/GridView-02/app/build/generated/source/r'
2015-02-22 09:50:57: Delete Folder '/Users/alxsoa/Desktop/Curso_de_Android/Exemplos/GridView/GridView-02/app/build/generated/source'
2015-02-22 09:50:57: Delete Folder '/Users/alxsoa/Desktop/Curso_de_Android/Exemplos/GridView/GridView-02/app/build/generated'
2015-02-22 09:50:57: Delete File '/Users/alxsoa/Desktop/Curso_de_Android/Exemplos/GridView/GridView-02/app/build/intermediates/classes/debug/com/example/gridview_02/BuildConfig.class'
2015-02-22 09:50:57: Delete File '/Users/alxsoa/Desktop/Curso_de_Android/Exemplos/GridView/GridView-02/app/build/intermediates/classes/debug/com/example/gridview_02/ClassePrincipal$1.class'
2015-02-22 09:50:57: Delete File '/Users/alxsoa/Desktop/Curso_de_Android/Exemplos/GridView/GridView-02/app/build/intermediates/classes/debug/com/example/gridview_02/ClassePrincipal.class'
2015-02-22 09:50:57: Delete File '/Users/alxsoa/Desktop/Curso_de_Android/Exemplos/GridView/GridView-02/app/build/intermediates/classes/debug/com/example/gridview_02/ImageAdapter.class'
2015-02-22 09:50:57: Delete File '/Users/alxsoa/Desktop/Curso_de_Android/Exemplos/GridView/GridView-02/app/build/intermediates/classes/debug/com/example/gridview_02/R$attr.class'
2015-02-22 09:50:57: Delete File '/Users/alxsoa/Desktop/Curso_de_Android/Exemplos/GridView/GridView-02/app/build/intermediates/classes/debug/com/example/gridview_02/R$drawable.class'
2015-02-22 09:50:57: Delete File '/Users/alxsoa/Desktop/Curso_de_Android/Exemplos/GridView/GridView-02/app/build/intermediates/classes/debug/com/example/gridview_02/R$id.class'
2015-02-22 09:50:57: Delete File '/Users/alxsoa/Desktop/Curso_de_Android/Exemplos/GridView/GridView-02/app/build/intermediates/classes/debug/com/example/gridview_02/R$layout.class'
2015-02-22 09:50:57: Delete File '/Users/alxsoa/Desktop/Curso_de_Android/Exemplos/GridView/GridView-02/app/build/intermediates/classes/debug/com/example/gridview_02/R$raw.class'
2015-02-22 09:50:57: Delete File '/Users/alxsoa/Desktop/Curso_de_Android/Exemplos/GridView/GridView-02/app/build/intermediates/classes/debug/com/example/gridview_02/R$string.class'
2015-02-22 09:50:57: Delete File '/Users/alxsoa/Desktop/Curso_de_Android/Exemplos/GridView/GridView-02/app/build/intermediates/classes/debug/com/example/gridview_02/R.class'
2015-02-22 09:50:57: Delete Folder '/Users/alxsoa/Desktop/Curso_de_Android/Exemplos/GridView/GridView-02/app/build/intermediates/classes/debug/com/example/gridview_02'
2015-02-22 09:50:57: Delete Folder '/Users/alxsoa/Desktop/Curso_de_Android/Exemplos/GridView/GridView-02/app/build/intermediates/classes/debug/com/example'
2015-02-22 09:50:57: Delete Folder '/Users/alxsoa/Desktop/Curso_de_Android/Exemplos/GridView/GridView-02/app/build/intermediates/classes/debug/com'
2015-02-22 09:50:57: Delete Folder '/Users/alxsoa/Desktop/Curso_de_Android/Exemplos/GridView/GridView-02/app/build/intermediates/classes/debug'
2015-02-22 09:50:57: Delete Folder '/Users/alxsoa/Desktop/Curso_de_Android/Exemplos/GridView/GridView-02/app/build/intermediates/classes'
2015-02-22 09:50:57: Delete File '/Users/alxsoa/Desktop/Curso_de_Android/Exemplos/GridView/GridView-02/app/build/intermediates/dex/debug/classes.dex'
2015-02-22 09:50:57: Delete Folder '/Users/alxsoa/Desktop/Curso_de_Android/Exemplos/GridView/GridView-02/app/build/intermediates/dex/debug'
2015-02-22 09:50:57: Delete Folder '/Users/alxsoa/Desktop/Curso_de_Android/Exemplos/GridView/GridView-02/app/build/intermediates/dex'
2015-02-22 09:50:57: Delete File '/Users/alxsoa/Desktop/Curso_de_Android/Exemplos/GridView/GridView-02/app/build/intermediates/incremental/aidl/androidTest/debug/dependency.store'
2015-02-22 09:50:57: Delete Folder '/Users/alxsoa/Desktop/Curso_de_Android/Exemplos/GridView/GridView-02/app/build/intermediates/incremental/aidl/androidTest/debug'
2015-02-22 09:50:57: Delete Folder '/Users/alxsoa/Desktop/Curso_de_Android/Exemplos/GridView/GridView-02/app/build/intermediates/incremental/aidl/androidTest'
2015-02-22 09:50:57: Delete File '/Users/alxsoa/Desktop/Curso_de_Android/Exemplos/GridView/GridView-02/app/build/intermediates/incremental/aidl/debug/dependency.store'
2015-02-22 09:50:57: Delete Folder '/Users/alxsoa/Desktop/Curso_de_Android/Exemplos/GridView/GridView-02/app/build/intermediates/incremental/aidl/debug'
2015-02-22 09:50:57: Delete Folder '/Users/alxsoa/Desktop/Curso_de_Android/Exemplos/GridView/GridView-02/app/build/intermediates/incremental/aidl'
2015-02-22 09:50:57: Delete File '/Users/alxsoa/Desktop/Curso_de_Android/Exemplos/GridView/GridView-02/app/build/intermediates/incremental/mergeAssets/androidTest/debug/merger.xml'
2015-02-22 09:50:57: Delete Folder '/Users/alxsoa/Desktop/Curso_de_Android/Exemplos/GridView/GridView-02/app/build/intermediates/incremental/mergeAssets/androidTest/debug'
2015-02-22 09:50:57: Delete Folder '/Users/alxsoa/Desktop/Curso_de_Android/Exemplos/GridView/GridView-02/app/build/intermediates/incremental/mergeAssets/androidTest'
2015-02-22 09:50:57: Delete File '/Users/alxsoa/Desktop/Curso_de_Android/Exemplos/GridView/GridView-02/app/build/intermediates/incremental/mergeAssets/debug/merger.xml'
2015-02-22 09:50:57: Delete Folder '/Users/alxsoa/Desktop/Curso_de_Android/Exemplos/GridView/GridView-02/app/build/intermediates/incremental/mergeAssets/debug'
2015-02-22 09:50:57: Delete Folder '/Users/alxsoa/Desktop/Curso_de_Android/Exemplos/GridView/GridView-02/app/build/intermediates/incremental/mergeAssets'
2015-02-22 09:50:57: Delete File '/Users/alxsoa/Desktop/Curso_de_Android/Exemplos/GridView/GridView-02/app/build/intermediates/incremental/mergeResources/androidTest/debug/merger.xml'
2015-02-22 09:50:57: Delete Folder '/Users/alxsoa/Desktop/Curso_de_Android/Exemplos/GridView/GridView-02/app/build/intermediates/incremental/mergeResources/androidTest/debug'
2015-02-22 09:50:57: Delete Folder '/Users/alxsoa/Desktop/Curso_de_Android/Exemplos/GridView/GridView-02/app/build/intermediates/incremental/mergeResources/androidTest'
2015-02-22 09:50:57: Delete File '/Users/alxsoa/Desktop/Curso_de_Android/Exemplos/GridView/GridView-02/app/build/intermediates/incremental/mergeResources/debug/merger.xml'
2015-02-22 09:50:57: Delete Folder '/Users/alxsoa/Desktop/Curso_de_Android/Exemplos/GridView/GridView-02/app/build/intermediates/incremental/mergeResources/debug'
2015-02-22 09:50:57: Delete Folder '/Users/alxsoa/Desktop/Curso_de_Android/Exemplos/GridView/GridView-02/app/build/intermediates/incremental/mergeResources'
2015-02-22 09:50:57: Delete Folder '/Users/alxsoa/Desktop/Curso_de_Android/Exemplos/GridView/GridView-02/app/build/intermediates/incremental'
2015-02-22 09:50:57: Delete File '/Users/alxsoa/Desktop/Curso_de_Android/Exemplos/GridView/GridView-02/app/build/intermediates/manifests/androidTest/debug/AndroidManifest.xml'
2015-02-22 09:50:57: Delete Folder '/Users/alxsoa/Desktop/Curso_de_Android/Exemplos/GridView/GridView-02/app/build/intermediates/manifests/androidTest/debug'
2015-02-22 09:50:57: Delete Folder '/Users/alxsoa/Desktop/Curso_de_Android/Exemplos/GridView/GridView-02/app/build/intermediates/manifests/androidTest'
2015-02-22 09:50:57: Delete File '/Users/alxsoa/Desktop/Curso_de_Android/Exemplos/GridView/GridView-02/app/build/intermediates/manifests/full/debug/AndroidManifest.xml'
2015-02-22 09:50:57: Delete Folder '/Users/alxsoa/Desktop/Curso_de_Android/Exemplos/GridView/GridView-02/app/build/intermediates/manifests/full/debug'
2015-02-22 09:50:57: Delete Folder '/Users/alxsoa/Desktop/Curso_de_Android/Exemplos/GridView/GridView-02/app/build/intermediates/manifests/full'
2015-02-22 09:50:57: Delete Folder '/Users/alxsoa/Desktop/Curso_de_Android/Exemplos/GridView/GridView-02/app/build/intermediates/manifests'
2015-02-22 09:50:57: Delete File '/Users/alxsoa/Desktop/Curso_de_Android/Exemplos/GridView/GridView-02/app/build/intermediates/res/debug/drawable-hdpi-v4/barbados.jpg'
2015-02-22 09:50:57: Delete File '/Users/alxsoa/Desktop/Curso_de_Android/Exemplos/GridView/GridView-02/app/build/intermediates/res/debug/drawable-hdpi-v4/brasil.jpg'
2015-02-22 09:50:57: Delete File '/Users/alxsoa/Desktop/Curso_de_Android/Exemplos/GridView/GridView-02/app/build/intermediates/res/debug/drawable-hdpi-v4/canada.jpg'
2015-02-22 09:50:57: Delete File '/Users/alxsoa/Desktop/Curso_de_Android/Exemplos/GridView/GridView-02/app/build/intermediates/res/debug/drawable-hdpi-v4/chile.jpg'
2015-02-22 09:50:57: Delete File '/Users/alxsoa/Desktop/Curso_de_Android/Exemplos/GridView/GridView-02/app/build/intermediates/res/debug/drawable-hdpi-v4/costarica.jpg'
2015-02-22 09:50:57: Delete File '/Users/alxsoa/Desktop/Curso_de_Android/Exemplos/GridView/GridView-02/app/build/intermediates/res/debug/drawable-hdpi-v4/elsalvador.jpg'
2015-02-22 09:50:57: Delete File '/Users/alxsoa/Desktop/Curso_de_Android/Exemplos/GridView/GridView-02/app/build/intermediates/res/debug/drawable-hdpi-v4/estadosunidos.jpg'
2015-02-22 09:50:57: Delete File '/Users/alxsoa/Desktop/Curso_de_Android/Exemplos/GridView/GridView-02/app/build/intermediates/res/debug/drawable-hdpi-v4/honduras.jpg'
2015-02-22 09:50:57: Delete File '/Users/alxsoa/Desktop/Curso_de_Android/Exemplos/GridView/GridView-02/app/build/intermediates/res/debug/drawable-hdpi-v4/ic_launcher.png'
2015-02-22 09:50:57: Delete File '/Users/alxsoa/Desktop/Curso_de_Android/Exemplos/GridView/GridView-02/app/build/intermediates/res/debug/drawable-hdpi-v4/logo.png'
2015-02-22 09:50:57: Delete File '/Users/alxsoa/Desktop/Curso_de_Android/Exemplos/GridView/GridView-02/app/build/intermediates/res/debug/drawable-hdpi-v4/pause.jpg'
2015-02-22 09:50:57: Delete Folder '/Users/alxsoa/Desktop/Curso_de_Android/Exemplos/GridView/GridView-02/app/build/intermediates/res/debug/drawable-hdpi-v4'
2015-02-22 09:50:57: Delete File '/Users/alxsoa/Desktop/Curso_de_Android/Exemplos/GridView/GridView-02/app/build/intermediates/res/debug/drawable-ldpi-v4/ic_launcher.png'
2015-02-22 09:50:57: Delete Folder '/Users/alxsoa/Desktop/Curso_de_Android/Exemplos/GridView/GridView-02/app/build/intermediates/res/debug/drawable-ldpi-v4'
2015-02-22 09:50:57: Delete File '/Users/alxsoa/Desktop/Curso_de_Android/Exemplos/GridView/GridView-02/app/build/intermediates/res/debug/drawable-mdpi-v4/ic_launcher.png'
2015-02-22 09:50:57: Delete Folder '/Users/alxsoa/Desktop/Curso_de_Android/Exemplos/GridView/GridView-02/app/build/intermediates/res/debug/drawable-mdpi-v4'
2015-02-22 09:50:57: Delete File '/Users/alxsoa/Desktop/Curso_de_Android/Exemplos/GridView/GridView-02/app/build/intermediates/res/debug/drawable-xhdpi-v4/ic_launcher.png'
2015-02-22 09:50:57: Delete Folder '/Users/alxsoa/Desktop/Curso_de_Android/Exemplos/GridView/GridView-02/app/build/intermediates/res/debug/drawable-xhdpi-v4'
2015-02-22 09:50:57: Delete File '/Users/alxsoa/Desktop/Curso_de_Android/Exemplos/GridView/GridView-02/app/build/intermediates/res/debug/drawable-xxhdpi-v4/ic_launcher.png'
2015-02-22 09:50:57: Delete Folder '/Users/alxsoa/Desktop/Curso_de_Android/Exemplos/GridView/GridView-02/app/build/intermediates/res/debug/drawable-xxhdpi-v4'
2015-02-22 09:50:57: Delete File '/Users/alxsoa/Desktop/Curso_de_Android/Exemplos/GridView/GridView-02/app/build/intermediates/res/debug/drawable-xxxhdpi-v4/ic_launcher.png'
2015-02-22 09:50:57: Delete Folder '/Users/alxsoa/Desktop/Curso_de_Android/Exemplos/GridView/GridView-02/app/build/intermediates/res/debug/drawable-xxxhdpi-v4'
2015-02-22 09:50:57: Delete File '/Users/alxsoa/Desktop/Curso_de_Android/Exemplos/GridView/GridView-02/app/build/intermediates/res/debug/layout/main.xml'
2015-02-22 09:50:57: Delete Folder '/Users/alxsoa/Desktop/Curso_de_Android/Exemplos/GridView/GridView-02/app/build/intermediates/res/debug/layout'
2015-02-22 09:50:57: Delete File '/Users/alxsoa/Desktop/Curso_de_Android/Exemplos/GridView/GridView-02/app/build/intermediates/res/debug/raw/musica.mp3'
2015-02-22 09:50:57: Delete Folder '/Users/alxsoa/Desktop/Curso_de_Android/Exemplos/GridView/GridView-02/app/build/intermediates/res/debug/raw'
2015-02-22 09:50:57: Delete File '/Users/alxsoa/Desktop/Curso_de_Android/Exemplos/GridView/GridView-02/app/build/intermediates/res/debug/values/values.xml'
2015-02-22 09:50:57: Delete Folder '/Users/alxsoa/Desktop/Curso_de_Android/Exemplos/GridView/GridView-02/app/build/intermediates/res/debug/values'
2015-02-22 09:50:57: Delete Folder '/Users/alxsoa/Desktop/Curso_de_Android/Exemplos/GridView/GridView-02/app/build/intermediates/res/debug'
2015-02-22 09:50:57: Delete Folder '/Users/alxsoa/Desktop/Curso_de_Android/Exemplos/GridView/GridView-02/app/build/intermediates/res'
2015-02-22 09:50:57: Delete File '/Users/alxsoa/Desktop/Curso_de_Android/Exemplos/GridView/GridView-02/app/build/intermediates/resources/resources-debug-androidTest.ap_'
2015-02-22 09:50:57: Delete File '/Users/alxsoa/Desktop/Curso_de_Android/Exemplos/GridView/GridView-02/app/build/intermediates/resources/resources-debug.ap_'
2015-02-22 09:50:57: Delete Folder '/Users/alxsoa/Desktop/Curso_de_Android/Exemplos/GridView/GridView-02/app/build/intermediates/resources'
2015-02-22 09:50:57: Delete Folder '/Users/alxsoa/Desktop/Curso_de_Android/Exemplos/GridView/GridView-02/app/build/intermediates'
2015-02-22 09:50:57: Delete File '/Users/alxsoa/Desktop/Curso_de_Android/Exemplos/GridView/GridView-02/app/build/outputs/apk/app-debug-unaligned.apk'
2015-02-22 09:50:57: Delete File '/Users/alxsoa/Desktop/Curso_de_Android/Exemplos/GridView/GridView-02/app/build/outputs/apk/app-debug.apk'
2015-02-22 09:50:57: Delete Folder '/Users/alxsoa/Desktop/Curso_de_Android/Exemplos/GridView/GridView-02/app/build/outputs/apk'
2015-02-22 09:50:57: Delete File '/Users/alxsoa/Desktop/Curso_de_Android/Exemplos/GridView/GridView-02/app/build/outputs/logs/manifest-merger-debug-report.txt'
2015-02-22 09:50:57: Delete Folder '/Users/alxsoa/Desktop/Curso_de_Android/Exemplos/GridView/GridView-02/app/build/outputs/logs'
2015-02-22 09:50:57: Delete Folder '/Users/alxsoa/Desktop/Curso_de_Android/Exemplos/GridView/GridView-02/app/build/outputs'
2015-02-22 09:50:57: Delete Folder '/Users/alxsoa/Desktop/Curso_de_Android/Exemplos/GridView/GridView-02/app/build'
2015-02-22 09:50:57: Delete File '/Users/alxsoa/Desktop/Curso_de_Android/Exemplos/GridView/GridView-02/app/build.gradle'
2015-02-22 09:50:57: Delete File '/Users/alxsoa/Desktop/Curso_de_Android/Exemplos/GridView/GridView-02/app/src/main/AndroidManifest.xml'
2015-02-22 09:50:57: Delete File '/Users/alxsoa/Desktop/Curso_de_Android/Exemplos/GridView/GridView-02/app/src/main/java/com/example/gridview_02/ClassePrincipal.java'
2015-02-22 09:50:57: Delete File '/Users/alxsoa/Desktop/Curso_de_Android/Exemplos/GridView/GridView-02/app/src/main/java/com/example/gridview_02/ImageAdapter.java'
2015-02-22 09:50:57: Delete Folder '/Users/alxsoa/Desktop/Curso_de_Android/Exemplos/GridView/GridView-02/app/src/main/java/com/example/gridview_02'
2015-02-22 09:50:57: Delete Folder '/Users/alxsoa/Desktop/Curso_de_Android/Exemplos/GridView/GridView-02/app/src/main/java/com/example'
2015-02-22 09:50:57: Delete Folder '/Users/alxsoa/Desktop/Curso_de_Android/Exemplos/GridView/GridView-02/app/src/main/java/com'
2015-02-22 09:50:57: Delete Folder '/Users/alxsoa/Desktop/Curso_de_Android/Exemplos/GridView/GridView-02/app/src/main/java'
2015-02-22 09:50:57: Delete File '/Users/alxsoa/Desktop/Curso_de_Android/Exemplos/GridView/GridView-02/app/src/main/res/drawable-hdpi/barbados.jpg'
2015-02-22 09:50:57: Delete File '/Users/alxsoa/Desktop/Curso_de_Android/Exemplos/GridView/GridView-02/app/src/main/res/drawable-hdpi/brasil.jpg'
2015-02-22 09:50:57: Delete File '/Users/alxsoa/Desktop/Curso_de_Android/Exemplos/GridView/GridView-02/app/src/main/res/drawable-hdpi/canada.jpg'
2015-02-22 09:50:57: Delete File '/Users/alxsoa/Desktop/Curso_de_Android/Exemplos/GridView/GridView-02/app/src/main/res/drawable-hdpi/chile.jpg'
2015-02-22 09:50:57: Delete File '/Users/alxsoa/Desktop/Curso_de_Android/Exemplos/GridView/GridView-02/app/src/main/res/drawable-hdpi/costarica.jpg'
2015-02-22 09:50:57: Delete File '/Users/alxsoa/Desktop/Curso_de_Android/Exemplos/GridView/GridView-02/app/src/main/res/drawable-hdpi/elsalvador.jpg'
2015-02-22 09:50:57: Delete File '/Users/alxsoa/Desktop/Curso_de_Android/Exemplos/GridView/GridView-02/app/src/main/res/drawable-hdpi/estadosunidos.jpg'
2015-02-22 09:50:57: Delete File '/Users/alxsoa/Desktop/Curso_de_Android/Exemplos/GridView/GridView-02/app/src/main/res/drawable-hdpi/honduras.jpg'
2015-02-22 09:50:57: Delete File '/Users/alxsoa/Desktop/Curso_de_Android/Exemplos/GridView/GridView-02/app/src/main/res/drawable-hdpi/ic_launcher.png'
2015-02-22 09:50:57: Delete File '/Users/alxsoa/Desktop/Curso_de_Android/Exemplos/GridView/GridView-02/app/src/main/res/drawable-hdpi/logo.png'
2015-02-22 09:50:57: Delete File '/Users/alxsoa/Desktop/Curso_de_Android/Exemplos/GridView/GridView-02/app/src/main/res/drawable-hdpi/pause.jpg'
2015-02-22 09:50:57: Delete Folder '/Users/alxsoa/Desktop/Curso_de_Android/Exemplos/GridView/GridView-02/app/src/main/res/drawable-hdpi'
2015-02-22 09:50:57: Delete File '/Users/alxsoa/Desktop/Curso_de_Android/Exemplos/GridView/GridView-02/app/src/main/res/drawable-ldpi/ic_launcher.png'
2015-02-22 09:50:57: Delete Folder '/Users/alxsoa/Desktop/Curso_de_Android/Exemplos/GridView/GridView-02/app/src/main/res/drawable-ldpi'
2015-02-22 09:50:57: Delete File '/Users/alxsoa/Desktop/Curso_de_Android/Exemplos/GridView/GridView-02/app/src/main/res/drawable-mdpi/ic_launcher.png'
2015-02-22 09:50:57: Delete Folder '/Users/alxsoa/Desktop/Curso_de_Android/Exemplos/GridView/GridView-02/app/src/main/res/drawable-mdpi'
2015-02-22 09:50:57: Delete File '/Users/alxsoa/Desktop/Curso_de_Android/Exemplos/GridView/GridView-02/app/src/main/res/drawable-xhdpi/ic_launcher.png'
2015-02-22 09:50:57: Delete Folder '/Users/alxsoa/Desktop/Curso_de_Android/Exemplos/GridView/GridView-02/app/src/main/res/drawable-xhdpi'
2015-02-22 09:50:57: Delete File '/Users/alxsoa/Desktop/Curso_de_Android/Exemplos/GridView/GridView-02/app/src/main/res/drawable-xxhdpi/ic_launcher.png'
2015-02-22 09:50:57: Delete Folder '/Users/alxsoa/Desktop/Curso_de_Android/Exemplos/GridView/GridView-02/app/src/main/res/drawable-xxhdpi'
2015-02-22 09:50:57: Delete File '/Users/alxsoa/Desktop/Curso_de_Android/Exemplos/GridView/GridView-02/app/src/main/res/drawable-xxxhdpi/ic_launcher.png'
2015-02-22 09:50:57: Delete Folder '/Users/alxsoa/Desktop/Curso_de_Android/Exemplos/GridView/GridView-02/app/src/main/res/drawable-xxxhdpi'
2015-02-22 09:50:57: Delete File '/Users/alxsoa/Desktop/Curso_de_Android/Exemplos/GridView/GridView-02/app/src/main/res/layout/main.xml'
2015-02-22 09:50:57: Delete Folder '/Users/alxsoa/Desktop/Curso_de_Android/Exemplos/GridView/GridView-02/app/src/main/res/layout'
2015-02-22 09:50:57: Delete File '/Users/alxsoa/Desktop/Curso_de_Android/Exemplos/GridView/GridView-02/app/src/main/res/raw/musica.mp3'
2015-02-22 09:50:57: Delete Folder '/Users/alxsoa/Desktop/Curso_de_Android/Exemplos/GridView/GridView-02/app/src/main/res/raw'
2015-02-22 09:50:57: Delete File '/Users/alxsoa/Desktop/Curso_de_Android/Exemplos/GridView/GridView-02/app/src/main/res/values/strings.xml'
2015-02-22 09:50:57: Delete Folder '/Users/alxsoa/Desktop/Curso_de_Android/Exemplos/GridView/GridView-02/app/src/main/res/values'
2015-02-22 09:50:57: Delete Folder '/Users/alxsoa/Desktop/Curso_de_Android/Exemplos/GridView/GridView-02/app/src/main/res'
2015-02-22 09:50:57: Delete Folder '/Users/alxsoa/Desktop/Curso_de_Android/Exemplos/GridView/GridView-02/app/src/main'
2015-02-22 09:50:57: Delete Folder '/Users/alxsoa/Desktop/Curso_de_Android/Exemplos/GridView/GridView-02/app/src'
2015-02-22 09:50:57: Delete Folder '/Users/alxsoa/Desktop/Curso_de_Android/Exemplos/GridView/GridView-02/app'
2015-02-22 09:50:57: Delete File '/Users/alxsoa/Desktop/Curso_de_Android/Exemplos/GridView/GridView-02/build/intermediates/model_data.bin'
2015-02-22 09:50:57: Delete Folder '/Users/alxsoa/Desktop/Curso_de_Android/Exemplos/GridView/GridView-02/build/intermediates'
2015-02-22 09:50:57: Delete Folder '/Users/alxsoa/Desktop/Curso_de_Android/Exemplos/GridView/GridView-02/build'
2015-02-22 09:50:57: Delete File '/Users/alxsoa/Desktop/Curso_de_Android/Exemplos/GridView/GridView-02/build.gradle'
2015-02-22 09:50:57: Delete File '/Users/alxsoa/Desktop/Curso_de_Android/Exemplos/GridView/GridView-02/gradle/wrapper/gradle-wrapper.jar'
2015-02-22 09:50:57: Delete File '/Users/alxsoa/Desktop/Curso_de_Android/Exemplos/GridView/GridView-02/gradle/wrapper/gradle-wrapper.properties'
2015-02-22 09:50:57: Delete Folder '/Users/alxsoa/Desktop/Curso_de_Android/Exemplos/GridView/GridView-02/gradle/wrapper'
2015-02-22 09:50:57: Delete Folder '/Users/alxsoa/Desktop/Curso_de_Android/Exemplos/GridView/GridView-02/gradle'
2015-02-22 09:50:57: Delete File '/Users/alxsoa/Desktop/Curso_de_Android/Exemplos/GridView/GridView-02/gradlew'
2015-02-22 09:50:57: Delete File '/Users/alxsoa/Desktop/Curso_de_Android/Exemplos/GridView/GridView-02/gradlew.bat'
2015-02-22 09:50:57: Delete File '/Users/alxsoa/Desktop/Curso_de_Android/Exemplos/GridView/GridView-02/GridView-02.iml'
2015-02-22 09:50:57: Delete File '/Users/alxsoa/Desktop/Curso_de_Android/Exemplos/GridView/GridView-02/import-summary.txt'
2015-02-22 09:50:57: Delete File '/Users/alxsoa/Desktop/Curso_de_Android/Exemplos/GridView/GridView-02/local.properties'
2015-02-22 09:50:57: Delete File '/Users/alxsoa/Desktop/Curso_de_Android/Exemplos/GridView/GridView-02/settings.gradle'
2015-02-22 09:50:57: Delete Folder '/Users/alxsoa/Desktop/Curso_de_Android/Exemplos/GridView/GridView-02'
2015-02-22 09:50:58: /GridView/GridView-01/build/intermediates/model_data.bin: unresolved conflict results in No Copy
2015-02-22 09:50:58: /GridView/GridView-01/build/intermediates: unresolved conflict results in No Copy
2015-02-22 09:50:58: Delete Folder '/Users/alxsoa/Desktop/Curso_de_Android/Exemplos/GridView/GridView-01/build'
- ERROR: Cannot delete folder: cannot delete folder /Users/alxsoa/Desktop/Curso_de_Android/Exemplos/GridView/GridView-01/build: Directory not empty (error 66)
2015-02-22 09:50:58: Delete Folder '/Users/alxsoa/Desktop/Curso_de_Android/Exemplos/GridView/GridView-01'
- ERROR: Cannot delete folder: cannot delete folder /Users/alxsoa/Desktop/Curso_de_Android/Exemplos/GridView/GridView-01: Directory not empty (error 66)
2015-02-22 09:50:58: Delete Folder '/Users/alxsoa/Desktop/Curso_de_Android/Exemplos/GridView'
- ERROR: Cannot delete folder: cannot delete folder /Users/alxsoa/Desktop/Curso_de_Android/Exemplos/GridView: Directory not empty (error 66)
2015-02-22 09:51:00: == Sync Complete. Time: 00:00:03, Speed: 182.0 KB/s, OK: 362, Errors: 3, Conflicts: 2
2015-02-22 09:51:00: 
