2015-02-03 20:22:48: -- Analysis Started by User
2015-02-03 20:22:54: Name 'http-::stackoverflow.com:questions:6776327:how-to-pause-resume-thread-in-android.webloc' in path '/Thread/Links/http-::stackoverflow.com:questions:6776327:how-to-pause-resume-thread-in-android.webloc' contains illegal characters, using name 'http-__stackoverflow.com_questions_6776327_how-to-pause-resume-thread-in-android.webloc' instead
2015-02-03 20:22:54: Name 'http-::www.tutorialspoint.com:java:java_thread_control.htm.webloc' in path '/Thread/Links/http-::www.tutorialspoint.com:java:java_thread_control.htm.webloc' contains illegal characters, using name 'http-__www.tutorialspoint.com_java_java_thread_control.htm.webloc' instead
2015-02-03 20:23:01: Changes: 150, Conflicts: 0, CopyTime: 0, CopyState: 0/0, Errors: 0, All: 31985
2015-02-03 20:23:01: Left to Right: Copy File: 147 Delete File: 3 
2015-02-03 20:23:01: -- Analysis Complete. Time 00:00:13, Speed: 2292 files/s
2015-02-03 20:23:01: 
2015-02-03 20:23:07: == Sync Started by User
2015-02-03 20:23:07: Delete Folder '/Users/alxsoa/Work/Desenvolvimento/Android/Exemplos/TextWatch/TextWatch-03/app/build/generated/res/generated/test'
2015-02-03 20:23:07: Delete Folder '/Users/alxsoa/Work/Desenvolvimento/Android/Exemplos/TextWatch/TextWatch-03/app/build/generated/res/generated'
2015-02-03 20:23:07: Delete Folder '/Users/alxsoa/Work/Desenvolvimento/Android/Exemplos/TextWatch/TextWatch-03/app/build/intermediates/res/debug/menu'
2015-02-03 20:23:07: Create Folder '/Users/alxsoa/Work/Desenvolvimento/Android/Exemplos/Display/Display-01/app/build/generated/res'
2015-02-03 20:23:07: Create Folder '/Users/alxsoa/Work/Desenvolvimento/Android/Exemplos/Display/Display-01/app/build/generated/res/rs'
2015-02-03 20:23:07: Create Folder '/Users/alxsoa/Work/Desenvolvimento/Android/Exemplos/Display/Display-01/app/build/generated/res/rs/debug'
2015-02-03 20:23:07: Create Folder '/Users/alxsoa/Work/Desenvolvimento/Android/Exemplos/Display/Display-01/app/build/generated/res/rs/test'
2015-02-03 20:23:07: Create Folder '/Users/alxsoa/Work/Desenvolvimento/Android/Exemplos/Display/Display-01/app/build/generated/res/rs/test/debug'
2015-02-03 20:23:07: Create Folder '/Users/alxsoa/Work/Desenvolvimento/Android/Exemplos/Display/Display-01/app/build/generated/source/aidl'
2015-02-03 20:23:07: Create Folder '/Users/alxsoa/Work/Desenvolvimento/Android/Exemplos/Display/Display-01/app/build/generated/source/aidl/debug'
2015-02-03 20:23:07: Create Folder '/Users/alxsoa/Work/Desenvolvimento/Android/Exemplos/Display/Display-01/app/build/generated/source/aidl/test'
2015-02-03 20:23:07: Create Folder '/Users/alxsoa/Work/Desenvolvimento/Android/Exemplos/Display/Display-01/app/build/generated/source/aidl/test/debug'
2015-02-03 20:23:07: Create Folder '/Users/alxsoa/Work/Desenvolvimento/Android/Exemplos/Display/Display-01/app/build/generated/source/r/test'
2015-02-03 20:23:07: Create Folder '/Users/alxsoa/Work/Desenvolvimento/Android/Exemplos/Display/Display-01/app/build/generated/source/r/test/debug'
2015-02-03 20:23:07: Create Folder '/Users/alxsoa/Work/Desenvolvimento/Android/Exemplos/Display/Display-01/app/build/generated/source/rs'
2015-02-03 20:23:07: Create Folder '/Users/alxsoa/Work/Desenvolvimento/Android/Exemplos/Display/Display-01/app/build/generated/source/rs/debug'
2015-02-03 20:23:07: Create Folder '/Users/alxsoa/Work/Desenvolvimento/Android/Exemplos/Display/Display-01/app/build/generated/source/rs/test'
2015-02-03 20:23:07: Create Folder '/Users/alxsoa/Work/Desenvolvimento/Android/Exemplos/Display/Display-01/app/build/generated/source/rs/test/debug'
2015-02-03 20:23:07: Create Folder '/Users/alxsoa/Work/Desenvolvimento/Android/Exemplos/Display/Display-01/app/build/intermediates/assets'
2015-02-03 20:23:07: Create Folder '/Users/alxsoa/Work/Desenvolvimento/Android/Exemplos/Display/Display-01/app/build/intermediates/assets/debug'
2015-02-03 20:23:07: Create Folder '/Users/alxsoa/Work/Desenvolvimento/Android/Exemplos/Display/Display-01/app/build/intermediates/assets/test'
2015-02-03 20:23:07: Create Folder '/Users/alxsoa/Work/Desenvolvimento/Android/Exemplos/Display/Display-01/app/build/intermediates/assets/test/debug'
2015-02-03 20:23:07: Create Folder '/Users/alxsoa/Work/Desenvolvimento/Android/Exemplos/Display/Display-01/app/build/intermediates/manifests/tmp'
2015-02-03 20:23:07: Create Folder '/Users/alxsoa/Work/Desenvolvimento/Android/Exemplos/Display/Display-01/app/build/intermediates/res/test'
2015-02-03 20:23:07: Create Folder '/Users/alxsoa/Work/Desenvolvimento/Android/Exemplos/Display/Display-01/app/build/intermediates/res/test/debug'
2015-02-03 20:23:07: Create Folder '/Users/alxsoa/Work/Desenvolvimento/Android/Exemplos/Display/Display-01/app/build/intermediates/rs'
2015-02-03 20:23:07: Create Folder '/Users/alxsoa/Work/Desenvolvimento/Android/Exemplos/Display/Display-01/app/build/intermediates/rs/debug'
2015-02-03 20:23:07: Create Folder '/Users/alxsoa/Work/Desenvolvimento/Android/Exemplos/Display/Display-01/app/build/intermediates/rs/debug/lib'
2015-02-03 20:23:07: Create Folder '/Users/alxsoa/Work/Desenvolvimento/Android/Exemplos/Display/Display-01/app/build/intermediates/rs/debug/obj'
2015-02-03 20:23:07: Create Folder '/Users/alxsoa/Work/Desenvolvimento/Android/Exemplos/Display/Display-01/app/build/intermediates/rs/test'
2015-02-03 20:23:07: Create Folder '/Users/alxsoa/Work/Desenvolvimento/Android/Exemplos/Display/Display-01/app/build/intermediates/rs/test/debug'
2015-02-03 20:23:07: Create Folder '/Users/alxsoa/Work/Desenvolvimento/Android/Exemplos/Display/Display-01/app/build/intermediates/rs/test/debug/lib'
2015-02-03 20:23:07: Create Folder '/Users/alxsoa/Work/Desenvolvimento/Android/Exemplos/Display/Display-01/app/build/intermediates/rs/test/debug/obj'
2015-02-03 20:23:07: Create Folder '/Users/alxsoa/Work/Desenvolvimento/Android/Exemplos/Display/Display-01/app/build/intermediates/symbols'
2015-02-03 20:23:07: Create Folder '/Users/alxsoa/Work/Desenvolvimento/Android/Exemplos/Display/Display-01/app/build/intermediates/symbols/debug'
2015-02-03 20:23:07: Create Folder '/Users/alxsoa/Work/Desenvolvimento/Android/Exemplos/Display/Display-01/app/build/intermediates/symbols/test'
2015-02-03 20:23:07: Create Folder '/Users/alxsoa/Work/Desenvolvimento/Android/Exemplos/Display/Display-01/app/build/intermediates/symbols/test/debug'
2015-02-03 20:23:07: Copy Over '/Users/alxsoa/Desktop/Curso_de_Android/Exemplos/Display/Display-01/app/app.iml' -> '/Users/alxsoa/Work/Desenvolvimento/Android/Exemplos/Display/Display-01/app/app.iml'
2015-02-03 20:23:07: Copy Over '/Users/alxsoa/Desktop/Curso_de_Android/Exemplos/Display/Display-01/app/build/generated/source/r/debug/com/example/display_01/R.java' -> '/Users/alxsoa/Work/Desenvolvimento/Android/Exemplos/Display/Display-01/app/build/generated/source/r/debug/com/example/display_01/R.java'
2015-02-03 20:23:07: Copy Over '/Users/alxsoa/Desktop/Curso_de_Android/Exemplos/Display/Display-01/app/build/intermediates/incremental/aidl/debug/dependency.store' -> '/Users/alxsoa/Work/Desenvolvimento/Android/Exemplos/Display/Display-01/app/build/intermediates/incremental/aidl/debug/dependency.store'
2015-02-03 20:23:07: Copy Over '/Users/alxsoa/Desktop/Curso_de_Android/Exemplos/Display/Display-01/app/build/intermediates/incremental/aidl/test/debug/dependency.store' -> '/Users/alxsoa/Work/Desenvolvimento/Android/Exemplos/Display/Display-01/app/build/intermediates/incremental/aidl/test/debug/dependency.store'
2015-02-03 20:23:07: Copy Over '/Users/alxsoa/Desktop/Curso_de_Android/Exemplos/Display/Display-01/app/build/intermediates/incremental/mergeAssets/debug/merger.xml' -> '/Users/alxsoa/Work/Desenvolvimento/Android/Exemplos/Display/Display-01/app/build/intermediates/incremental/mergeAssets/debug/merger.xml'
2015-02-03 20:23:07: Copy Over '/Users/alxsoa/Desktop/Curso_de_Android/Exemplos/Display/Display-01/app/build/intermediates/incremental/mergeAssets/test/debug/merger.xml' -> '/Users/alxsoa/Work/Desenvolvimento/Android/Exemplos/Display/Display-01/app/build/intermediates/incremental/mergeAssets/test/debug/merger.xml'
2015-02-03 20:23:07: Copy Over '/Users/alxsoa/Desktop/Curso_de_Android/Exemplos/Display/Display-01/app/build/intermediates/incremental/mergeResources/test/debug/merger.xml' -> '/Users/alxsoa/Work/Desenvolvimento/Android/Exemplos/Display/Display-01/app/build/intermediates/incremental/mergeResources/test/debug/merger.xml'
2015-02-03 20:23:07: Copy Over '/Users/alxsoa/Desktop/Curso_de_Android/Exemplos/Display/Display-01/app/build/intermediates/manifests/test/debug/AndroidManifest.xml' -> '/Users/alxsoa/Work/Desenvolvimento/Android/Exemplos/Display/Display-01/app/build/intermediates/manifests/test/debug/AndroidManifest.xml'
2015-02-03 20:23:07: Copy Over '/Users/alxsoa/Desktop/Curso_de_Android/Exemplos/Display/Display-01/app/build/intermediates/res/resources-debug-test.ap_' -> '/Users/alxsoa/Work/Desenvolvimento/Android/Exemplos/Display/Display-01/app/build/intermediates/res/resources-debug-test.ap_'
2015-02-03 20:23:07: Copy Over '/Users/alxsoa/Desktop/Curso_de_Android/Exemplos/Display/Display-01/app/build/intermediates/res/resources-debug.ap_' -> '/Users/alxsoa/Work/Desenvolvimento/Android/Exemplos/Display/Display-01/app/build/intermediates/res/resources-debug.ap_'
2015-02-03 20:23:07: Copy Over '/Users/alxsoa/Desktop/Curso_de_Android/Exemplos/Display/Display-01/build/intermediates/model_data.bin' -> '/Users/alxsoa/Work/Desenvolvimento/Android/Exemplos/Display/Display-01/build/intermediates/model_data.bin'
2015-02-03 20:23:07: Copy Over '/Users/alxsoa/Desktop/Curso_de_Android/Exemplos/TextWatch/TextWatch-01/app/app.iml' -> '/Users/alxsoa/Work/Desenvolvimento/Android/Exemplos/TextWatch/TextWatch-01/app/app.iml'
2015-02-03 20:23:07: Copy Over '/Users/alxsoa/Desktop/Curso_de_Android/Exemplos/TextWatch/TextWatch-01/app/build/generated/source/buildConfig/test/debug/com/example/alxsoa/textwatch_01/test/BuildConfig.java' -> '/Users/alxsoa/Work/Desenvolvimento/Android/Exemplos/TextWatch/TextWatch-01/app/build/generated/source/buildConfig/test/debug/com/example/alxsoa/textwatch_01/test/BuildConfig.java'
2015-02-03 20:23:07: Copy Over '/Users/alxsoa/Desktop/Curso_de_Android/Exemplos/TextWatch/TextWatch-01/app/build/generated/source/r/debug/com/example/alxsoa/textwatch_01/R.java' -> '/Users/alxsoa/Work/Desenvolvimento/Android/Exemplos/TextWatch/TextWatch-01/app/build/generated/source/r/debug/com/example/alxsoa/textwatch_01/R.java'
2015-02-03 20:23:07: Copy Over '/Users/alxsoa/Desktop/Curso_de_Android/Exemplos/TextWatch/TextWatch-01/app/build/intermediates/incremental/aidl/test/debug/dependency.store' -> '/Users/alxsoa/Work/Desenvolvimento/Android/Exemplos/TextWatch/TextWatch-01/app/build/intermediates/incremental/aidl/test/debug/dependency.store'
2015-02-03 20:23:07: Copy Over '/Users/alxsoa/Desktop/Curso_de_Android/Exemplos/TextWatch/TextWatch-01/app/build/intermediates/incremental/mergeAssets/test/debug/merger.xml' -> '/Users/alxsoa/Work/Desenvolvimento/Android/Exemplos/TextWatch/TextWatch-01/app/build/intermediates/incremental/mergeAssets/test/debug/merger.xml'
2015-02-03 20:23:07: Copy Over '/Users/alxsoa/Desktop/Curso_de_Android/Exemplos/TextWatch/TextWatch-01/app/build/intermediates/incremental/mergeResources/test/debug/merger.xml' -> '/Users/alxsoa/Work/Desenvolvimento/Android/Exemplos/TextWatch/TextWatch-01/app/build/intermediates/incremental/mergeResources/test/debug/merger.xml'
2015-02-03 20:23:07: Copy Over '/Users/alxsoa/Desktop/Curso_de_Android/Exemplos/TextWatch/TextWatch-01/app/build/intermediates/manifests/full/debug/AndroidManifest.xml' -> '/Users/alxsoa/Work/Desenvolvimento/Android/Exemplos/TextWatch/TextWatch-01/app/build/intermediates/manifests/full/debug/AndroidManifest.xml'
2015-02-03 20:23:07: Copy Over '/Users/alxsoa/Desktop/Curso_de_Android/Exemplos/TextWatch/TextWatch-01/app/build/intermediates/manifests/test/debug/AndroidManifest.xml' -> '/Users/alxsoa/Work/Desenvolvimento/Android/Exemplos/TextWatch/TextWatch-01/app/build/intermediates/manifests/test/debug/AndroidManifest.xml'
2015-02-03 20:23:07: Copy Over '/Users/alxsoa/Desktop/Curso_de_Android/Exemplos/TextWatch/TextWatch-01/app/build/intermediates/res/resources-debug-test.ap_' -> '/Users/alxsoa/Work/Desenvolvimento/Android/Exemplos/TextWatch/TextWatch-01/app/build/intermediates/res/resources-debug-test.ap_'
2015-02-03 20:23:07: Copy Over '/Users/alxsoa/Desktop/Curso_de_Android/Exemplos/TextWatch/TextWatch-01/app/build/intermediates/res/resources-debug.ap_' -> '/Users/alxsoa/Work/Desenvolvimento/Android/Exemplos/TextWatch/TextWatch-01/app/build/intermediates/res/resources-debug.ap_'
2015-02-03 20:23:07: Copy Over '/Users/alxsoa/Desktop/Curso_de_Android/Exemplos/TextWatch/TextWatch-01/app/build/outputs/apk/app-debug-unaligned.apk' -> '/Users/alxsoa/Work/Desenvolvimento/Android/Exemplos/TextWatch/TextWatch-01/app/build/outputs/apk/app-debug-unaligned.apk'
2015-02-03 20:23:07: Copy Over '/Users/alxsoa/Desktop/Curso_de_Android/Exemplos/TextWatch/TextWatch-01/app/build/outputs/apk/app-debug.apk' -> '/Users/alxsoa/Work/Desenvolvimento/Android/Exemplos/TextWatch/TextWatch-01/app/build/outputs/apk/app-debug.apk'
2015-02-03 20:23:07: Copy Over '/Users/alxsoa/Desktop/Curso_de_Android/Exemplos/TextWatch/TextWatch-01/app/build/outputs/apk/manifest-merger-debug-report.txt' -> '/Users/alxsoa/Work/Desenvolvimento/Android/Exemplos/TextWatch/TextWatch-01/app/build/outputs/apk/manifest-merger-debug-report.txt'
2015-02-03 20:23:07: Copy Over '/Users/alxsoa/Desktop/Curso_de_Android/Exemplos/TextWatch/TextWatch-01/app/build.gradle' -> '/Users/alxsoa/Work/Desenvolvimento/Android/Exemplos/TextWatch/TextWatch-01/app/build.gradle'
2015-02-03 20:23:07: Copy Over '/Users/alxsoa/Desktop/Curso_de_Android/Exemplos/TextWatch/TextWatch-01/app/src/main/AndroidManifest.xml' -> '/Users/alxsoa/Work/Desenvolvimento/Android/Exemplos/TextWatch/TextWatch-01/app/src/main/AndroidManifest.xml'
2015-02-03 20:23:07: Copy Over '/Users/alxsoa/Desktop/Curso_de_Android/Exemplos/TextWatch/TextWatch-01/build/intermediates/model_data.bin' -> '/Users/alxsoa/Work/Desenvolvimento/Android/Exemplos/TextWatch/TextWatch-01/build/intermediates/model_data.bin'
2015-02-03 20:23:07: Copy Over '/Users/alxsoa/Desktop/Curso_de_Android/Exemplos/TextWatch/TextWatch-02/app/app.iml' -> '/Users/alxsoa/Work/Desenvolvimento/Android/Exemplos/TextWatch/TextWatch-02/app/app.iml'
2015-02-03 20:23:07: Copy Over '/Users/alxsoa/Desktop/Curso_de_Android/Exemplos/TextWatch/TextWatch-02/app/build/generated/source/buildConfig/debug/com/example/alxsoa/textwatch_02/BuildConfig.java' -> '/Users/alxsoa/Work/Desenvolvimento/Android/Exemplos/TextWatch/TextWatch-02/app/build/generated/source/buildConfig/debug/com/example/alxsoa/textwatch_02/BuildConfig.java'
2015-02-03 20:23:07: Copy Over '/Users/alxsoa/Desktop/Curso_de_Android/Exemplos/TextWatch/TextWatch-02/app/build/generated/source/buildConfig/test/debug/com/example/alxsoa/textwatch_02/test/BuildConfig.java' -> '/Users/alxsoa/Work/Desenvolvimento/Android/Exemplos/TextWatch/TextWatch-02/app/build/generated/source/buildConfig/test/debug/com/example/alxsoa/textwatch_02/test/BuildConfig.java'
2015-02-03 20:23:07: Copy Over '/Users/alxsoa/Desktop/Curso_de_Android/Exemplos/TextWatch/TextWatch-02/app/build/generated/source/r/debug/com/example/alxsoa/textwatch_02/R.java' -> '/Users/alxsoa/Work/Desenvolvimento/Android/Exemplos/TextWatch/TextWatch-02/app/build/generated/source/r/debug/com/example/alxsoa/textwatch_02/R.java'
2015-02-03 20:23:07: Copy Over '/Users/alxsoa/Desktop/Curso_de_Android/Exemplos/TextWatch/TextWatch-02/app/build/intermediates/classes/debug/com/example/alxsoa/textwatch_02/BuildConfig.class' -> '/Users/alxsoa/Work/Desenvolvimento/Android/Exemplos/TextWatch/TextWatch-02/app/build/intermediates/classes/debug/com/example/alxsoa/textwatch_02/BuildConfig.class'
2015-02-03 20:23:07: Copy Over '/Users/alxsoa/Desktop/Curso_de_Android/Exemplos/TextWatch/TextWatch-02/app/build/intermediates/classes/debug/com/example/alxsoa/textwatch_02/MainActivity$1.class' -> '/Users/alxsoa/Work/Desenvolvimento/Android/Exemplos/TextWatch/TextWatch-02/app/build/intermediates/classes/debug/com/example/alxsoa/textwatch_02/MainActivity$1.class'
2015-02-03 20:23:07: Copy Over '/Users/alxsoa/Desktop/Curso_de_Android/Exemplos/TextWatch/TextWatch-02/app/build/intermediates/classes/debug/com/example/alxsoa/textwatch_02/MainActivity.class' -> '/Users/alxsoa/Work/Desenvolvimento/Android/Exemplos/TextWatch/TextWatch-02/app/build/intermediates/classes/debug/com/example/alxsoa/textwatch_02/MainActivity.class'
2015-02-03 20:23:07: Copy Over '/Users/alxsoa/Desktop/Curso_de_Android/Exemplos/TextWatch/TextWatch-02/app/build/intermediates/classes/debug/com/example/alxsoa/textwatch_02/R$attr.class' -> '/Users/alxsoa/Work/Desenvolvimento/Android/Exemplos/TextWatch/TextWatch-02/app/build/intermediates/classes/debug/com/example/alxsoa/textwatch_02/R$attr.class'
2015-02-03 20:23:07: Copy Over '/Users/alxsoa/Desktop/Curso_de_Android/Exemplos/TextWatch/TextWatch-02/app/build/intermediates/classes/debug/com/example/alxsoa/textwatch_02/R$dimen.class' -> '/Users/alxsoa/Work/Desenvolvimento/Android/Exemplos/TextWatch/TextWatch-02/app/build/intermediates/classes/debug/com/example/alxsoa/textwatch_02/R$dimen.class'
2015-02-03 20:23:07: Copy Over '/Users/alxsoa/Desktop/Curso_de_Android/Exemplos/TextWatch/TextWatch-02/app/build/intermediates/classes/debug/com/example/alxsoa/textwatch_02/R$drawable.class' -> '/Users/alxsoa/Work/Desenvolvimento/Android/Exemplos/TextWatch/TextWatch-02/app/build/intermediates/classes/debug/com/example/alxsoa/textwatch_02/R$drawable.class'
2015-02-03 20:23:07: Copy Over '/Users/alxsoa/Desktop/Curso_de_Android/Exemplos/TextWatch/TextWatch-02/app/build/intermediates/classes/debug/com/example/alxsoa/textwatch_02/R$id.class' -> '/Users/alxsoa/Work/Desenvolvimento/Android/Exemplos/TextWatch/TextWatch-02/app/build/intermediates/classes/debug/com/example/alxsoa/textwatch_02/R$id.class'
2015-02-03 20:23:07: Copy Over '/Users/alxsoa/Desktop/Curso_de_Android/Exemplos/TextWatch/TextWatch-02/app/build/intermediates/classes/debug/com/example/alxsoa/textwatch_02/R$layout.class' -> '/Users/alxsoa/Work/Desenvolvimento/Android/Exemplos/TextWatch/TextWatch-02/app/build/intermediates/classes/debug/com/example/alxsoa/textwatch_02/R$layout.class'
2015-02-03 20:23:07: Copy Over '/Users/alxsoa/Desktop/Curso_de_Android/Exemplos/TextWatch/TextWatch-02/app/build/intermediates/classes/debug/com/example/alxsoa/textwatch_02/R$menu.class' -> '/Users/alxsoa/Work/Desenvolvimento/Android/Exemplos/TextWatch/TextWatch-02/app/build/intermediates/classes/debug/com/example/alxsoa/textwatch_02/R$menu.class'
2015-02-03 20:23:07: Copy Over '/Users/alxsoa/Desktop/Curso_de_Android/Exemplos/TextWatch/TextWatch-02/app/build/intermediates/classes/debug/com/example/alxsoa/textwatch_02/R$string.class' -> '/Users/alxsoa/Work/Desenvolvimento/Android/Exemplos/TextWatch/TextWatch-02/app/build/intermediates/classes/debug/com/example/alxsoa/textwatch_02/R$string.class'
2015-02-03 20:23:07: Copy Over '/Users/alxsoa/Desktop/Curso_de_Android/Exemplos/TextWatch/TextWatch-02/app/build/intermediates/classes/debug/com/example/alxsoa/textwatch_02/R$style.class' -> '/Users/alxsoa/Work/Desenvolvimento/Android/Exemplos/TextWatch/TextWatch-02/app/build/intermediates/classes/debug/com/example/alxsoa/textwatch_02/R$style.class'
2015-02-03 20:23:07: Copy Over '/Users/alxsoa/Desktop/Curso_de_Android/Exemplos/TextWatch/TextWatch-02/app/build/intermediates/classes/debug/com/example/alxsoa/textwatch_02/R.class' -> '/Users/alxsoa/Work/Desenvolvimento/Android/Exemplos/TextWatch/TextWatch-02/app/build/intermediates/classes/debug/com/example/alxsoa/textwatch_02/R.class'
2015-02-03 20:23:07: Copy Over '/Users/alxsoa/Desktop/Curso_de_Android/Exemplos/TextWatch/TextWatch-02/app/build/intermediates/dex/debug/classes.dex' -> '/Users/alxsoa/Work/Desenvolvimento/Android/Exemplos/TextWatch/TextWatch-02/app/build/intermediates/dex/debug/classes.dex'
2015-02-03 20:23:07: Copy Over '/Users/alxsoa/Desktop/Curso_de_Android/Exemplos/TextWatch/TextWatch-02/app/build/intermediates/incremental/aidl/debug/dependency.store' -> '/Users/alxsoa/Work/Desenvolvimento/Android/Exemplos/TextWatch/TextWatch-02/app/build/intermediates/incremental/aidl/debug/dependency.store'
2015-02-03 20:23:07: Copy Over '/Users/alxsoa/Desktop/Curso_de_Android/Exemplos/TextWatch/TextWatch-02/app/build/intermediates/incremental/aidl/test/debug/dependency.store' -> '/Users/alxsoa/Work/Desenvolvimento/Android/Exemplos/TextWatch/TextWatch-02/app/build/intermediates/incremental/aidl/test/debug/dependency.store'
2015-02-03 20:23:07: Copy Over '/Users/alxsoa/Desktop/Curso_de_Android/Exemplos/TextWatch/TextWatch-02/app/build/intermediates/incremental/mergeAssets/debug/merger.xml' -> '/Users/alxsoa/Work/Desenvolvimento/Android/Exemplos/TextWatch/TextWatch-02/app/build/intermediates/incremental/mergeAssets/debug/merger.xml'
2015-02-03 20:23:07: Copy Over '/Users/alxsoa/Desktop/Curso_de_Android/Exemplos/TextWatch/TextWatch-02/app/build/intermediates/incremental/mergeAssets/test/debug/merger.xml' -> '/Users/alxsoa/Work/Desenvolvimento/Android/Exemplos/TextWatch/TextWatch-02/app/build/intermediates/incremental/mergeAssets/test/debug/merger.xml'
2015-02-03 20:23:07: Copy Over '/Users/alxsoa/Desktop/Curso_de_Android/Exemplos/TextWatch/TextWatch-02/app/build/intermediates/incremental/mergeResources/debug/merger.xml' -> '/Users/alxsoa/Work/Desenvolvimento/Android/Exemplos/TextWatch/TextWatch-02/app/build/intermediates/incremental/mergeResources/debug/merger.xml'
2015-02-03 20:23:07: Copy Over '/Users/alxsoa/Desktop/Curso_de_Android/Exemplos/TextWatch/TextWatch-02/app/build/intermediates/incremental/mergeResources/test/debug/merger.xml' -> '/Users/alxsoa/Work/Desenvolvimento/Android/Exemplos/TextWatch/TextWatch-02/app/build/intermediates/incremental/mergeResources/test/debug/merger.xml'
2015-02-03 20:23:07: Copy Over '/Users/alxsoa/Desktop/Curso_de_Android/Exemplos/TextWatch/TextWatch-02/app/build/intermediates/manifests/full/debug/AndroidManifest.xml' -> '/Users/alxsoa/Work/Desenvolvimento/Android/Exemplos/TextWatch/TextWatch-02/app/build/intermediates/manifests/full/debug/AndroidManifest.xml'
2015-02-03 20:23:07: Copy Over '/Users/alxsoa/Desktop/Curso_de_Android/Exemplos/TextWatch/TextWatch-02/app/build/intermediates/manifests/test/debug/AndroidManifest.xml' -> '/Users/alxsoa/Work/Desenvolvimento/Android/Exemplos/TextWatch/TextWatch-02/app/build/intermediates/manifests/test/debug/AndroidManifest.xml'
2015-02-03 20:23:07: Copy Over '/Users/alxsoa/Desktop/Curso_de_Android/Exemplos/TextWatch/TextWatch-02/app/build/intermediates/res/debug/drawable-hdpi-v4/ic_launcher.png' -> '/Users/alxsoa/Work/Desenvolvimento/Android/Exemplos/TextWatch/TextWatch-02/app/build/intermediates/res/debug/drawable-hdpi-v4/ic_launcher.png'
2015-02-03 20:23:07: Copy Over '/Users/alxsoa/Desktop/Curso_de_Android/Exemplos/TextWatch/TextWatch-02/app/build/intermediates/res/debug/drawable-ldpi-v4/ic_launcher.png' -> '/Users/alxsoa/Work/Desenvolvimento/Android/Exemplos/TextWatch/TextWatch-02/app/build/intermediates/res/debug/drawable-ldpi-v4/ic_launcher.png'
2015-02-03 20:23:07: Copy Over '/Users/alxsoa/Desktop/Curso_de_Android/Exemplos/TextWatch/TextWatch-02/app/build/intermediates/res/debug/drawable-mdpi-v4/ic_launcher.png' -> '/Users/alxsoa/Work/Desenvolvimento/Android/Exemplos/TextWatch/TextWatch-02/app/build/intermediates/res/debug/drawable-mdpi-v4/ic_launcher.png'
2015-02-03 20:23:07: Copy Over '/Users/alxsoa/Desktop/Curso_de_Android/Exemplos/TextWatch/TextWatch-02/app/build/intermediates/res/debug/drawable-xhdpi-v4/ic_launcher.png' -> '/Users/alxsoa/Work/Desenvolvimento/Android/Exemplos/TextWatch/TextWatch-02/app/build/intermediates/res/debug/drawable-xhdpi-v4/ic_launcher.png'
2015-02-03 20:23:07: Copy Over '/Users/alxsoa/Desktop/Curso_de_Android/Exemplos/TextWatch/TextWatch-02/app/build/intermediates/res/debug/drawable-xxhdpi-v4/ic_launcher.png' -> '/Users/alxsoa/Work/Desenvolvimento/Android/Exemplos/TextWatch/TextWatch-02/app/build/intermediates/res/debug/drawable-xxhdpi-v4/ic_launcher.png'
2015-02-03 20:23:07: Copy Over '/Users/alxsoa/Desktop/Curso_de_Android/Exemplos/TextWatch/TextWatch-02/app/build/intermediates/res/debug/layout/activity_main.xml' -> '/Users/alxsoa/Work/Desenvolvimento/Android/Exemplos/TextWatch/TextWatch-02/app/build/intermediates/res/debug/layout/activity_main.xml'
2015-02-03 20:23:07: Copy Over '/Users/alxsoa/Desktop/Curso_de_Android/Exemplos/TextWatch/TextWatch-02/app/build/intermediates/res/debug/menu/menu_main.xml' -> '/Users/alxsoa/Work/Desenvolvimento/Android/Exemplos/TextWatch/TextWatch-02/app/build/intermediates/res/debug/menu/menu_main.xml'
2015-02-03 20:23:07: Copy Over '/Users/alxsoa/Desktop/Curso_de_Android/Exemplos/TextWatch/TextWatch-02/app/build/intermediates/res/debug/values/values.xml' -> '/Users/alxsoa/Work/Desenvolvimento/Android/Exemplos/TextWatch/TextWatch-02/app/build/intermediates/res/debug/values/values.xml'
2015-02-03 20:23:07: Copy Over '/Users/alxsoa/Desktop/Curso_de_Android/Exemplos/TextWatch/TextWatch-02/app/build/intermediates/res/debug/values-v21/values.xml' -> '/Users/alxsoa/Work/Desenvolvimento/Android/Exemplos/TextWatch/TextWatch-02/app/build/intermediates/res/debug/values-v21/values.xml'
2015-02-03 20:23:07: Copy Over '/Users/alxsoa/Desktop/Curso_de_Android/Exemplos/TextWatch/TextWatch-02/app/build/intermediates/res/debug/values-w820dp-v13/values.xml' -> '/Users/alxsoa/Work/Desenvolvimento/Android/Exemplos/TextWatch/TextWatch-02/app/build/intermediates/res/debug/values-w820dp-v13/values.xml'
2015-02-03 20:23:07: Copy Over '/Users/alxsoa/Desktop/Curso_de_Android/Exemplos/TextWatch/TextWatch-02/app/build/intermediates/res/resources-debug-test.ap_' -> '/Users/alxsoa/Work/Desenvolvimento/Android/Exemplos/TextWatch/TextWatch-02/app/build/intermediates/res/resources-debug-test.ap_'
2015-02-03 20:23:07: Copy Over '/Users/alxsoa/Desktop/Curso_de_Android/Exemplos/TextWatch/TextWatch-02/app/build/intermediates/res/resources-debug.ap_' -> '/Users/alxsoa/Work/Desenvolvimento/Android/Exemplos/TextWatch/TextWatch-02/app/build/intermediates/res/resources-debug.ap_'
2015-02-03 20:23:07: Copy Over '/Users/alxsoa/Desktop/Curso_de_Android/Exemplos/TextWatch/TextWatch-02/app/build/intermediates/tmp/dex/debug/inputList.txt' -> '/Users/alxsoa/Work/Desenvolvimento/Android/Exemplos/TextWatch/TextWatch-02/app/build/intermediates/tmp/dex/debug/inputList.txt'
2015-02-03 20:23:07: Copy Over '/Users/alxsoa/Desktop/Curso_de_Android/Exemplos/TextWatch/TextWatch-02/app/build/outputs/apk/app-debug-unaligned.apk' -> '/Users/alxsoa/Work/Desenvolvimento/Android/Exemplos/TextWatch/TextWatch-02/app/build/outputs/apk/app-debug-unaligned.apk'
2015-02-03 20:23:07: Copy Over '/Users/alxsoa/Desktop/Curso_de_Android/Exemplos/TextWatch/TextWatch-02/app/build/outputs/apk/app-debug.apk' -> '/Users/alxsoa/Work/Desenvolvimento/Android/Exemplos/TextWatch/TextWatch-02/app/build/outputs/apk/app-debug.apk'
2015-02-03 20:23:07: Copy Over '/Users/alxsoa/Desktop/Curso_de_Android/Exemplos/TextWatch/TextWatch-02/app/build/outputs/apk/manifest-merger-debug-report.txt' -> '/Users/alxsoa/Work/Desenvolvimento/Android/Exemplos/TextWatch/TextWatch-02/app/build/outputs/apk/manifest-merger-debug-report.txt'
2015-02-03 20:23:07: Copy Over '/Users/alxsoa/Desktop/Curso_de_Android/Exemplos/TextWatch/TextWatch-02/app/build.gradle' -> '/Users/alxsoa/Work/Desenvolvimento/Android/Exemplos/TextWatch/TextWatch-02/app/build.gradle'
2015-02-03 20:23:07: Copy Over '/Users/alxsoa/Desktop/Curso_de_Android/Exemplos/TextWatch/TextWatch-02/app/src/main/AndroidManifest.xml' -> '/Users/alxsoa/Work/Desenvolvimento/Android/Exemplos/TextWatch/TextWatch-02/app/src/main/AndroidManifest.xml'
2015-02-03 20:23:07: Copy Over '/Users/alxsoa/Desktop/Curso_de_Android/Exemplos/TextWatch/TextWatch-02/build/intermediates/model_data.bin' -> '/Users/alxsoa/Work/Desenvolvimento/Android/Exemplos/TextWatch/TextWatch-02/build/intermediates/model_data.bin'
2015-02-03 20:23:08: Copy Over '/Users/alxsoa/Desktop/Curso_de_Android/Exemplos/TextWatch/TextWatch-03/app/app.iml' -> '/Users/alxsoa/Work/Desenvolvimento/Android/Exemplos/TextWatch/TextWatch-03/app/app.iml'
2015-02-03 20:23:08: Copy Over '/Users/alxsoa/Desktop/Curso_de_Android/Exemplos/TextWatch/TextWatch-03/app/build/generated/source/buildConfig/debug/com/example/alxsoa/textwatch_03/BuildConfig.java' -> '/Users/alxsoa/Work/Desenvolvimento/Android/Exemplos/TextWatch/TextWatch-03/app/build/generated/source/buildConfig/debug/com/example/alxsoa/textwatch_03/BuildConfig.java'
2015-02-03 20:23:08: Copy Over '/Users/alxsoa/Desktop/Curso_de_Android/Exemplos/TextWatch/TextWatch-03/app/build/generated/source/buildConfig/test/debug/com/example/alxsoa/textwatch_03/test/BuildConfig.java' -> '/Users/alxsoa/Work/Desenvolvimento/Android/Exemplos/TextWatch/TextWatch-03/app/build/generated/source/buildConfig/test/debug/com/example/alxsoa/textwatch_03/test/BuildConfig.java'
2015-02-03 20:23:08: Copy Over '/Users/alxsoa/Desktop/Curso_de_Android/Exemplos/TextWatch/TextWatch-03/app/build/generated/source/r/debug/com/example/alxsoa/textwatch_03/R.java' -> '/Users/alxsoa/Work/Desenvolvimento/Android/Exemplos/TextWatch/TextWatch-03/app/build/generated/source/r/debug/com/example/alxsoa/textwatch_03/R.java'
2015-02-03 20:23:08: Copy Over '/Users/alxsoa/Desktop/Curso_de_Android/Exemplos/TextWatch/TextWatch-03/app/build/intermediates/classes/debug/com/example/alxsoa/textwatch_03/BuildConfig.class' -> '/Users/alxsoa/Work/Desenvolvimento/Android/Exemplos/TextWatch/TextWatch-03/app/build/intermediates/classes/debug/com/example/alxsoa/textwatch_03/BuildConfig.class'
2015-02-03 20:23:08: Copy Over '/Users/alxsoa/Desktop/Curso_de_Android/Exemplos/TextWatch/TextWatch-03/app/build/intermediates/classes/debug/com/example/alxsoa/textwatch_03/MainActivity$1.class' -> '/Users/alxsoa/Work/Desenvolvimento/Android/Exemplos/TextWatch/TextWatch-03/app/build/intermediates/classes/debug/com/example/alxsoa/textwatch_03/MainActivity$1.class'
2015-02-03 20:23:08: Copy Over '/Users/alxsoa/Desktop/Curso_de_Android/Exemplos/TextWatch/TextWatch-03/app/build/intermediates/classes/debug/com/example/alxsoa/textwatch_03/MainActivity.class' -> '/Users/alxsoa/Work/Desenvolvimento/Android/Exemplos/TextWatch/TextWatch-03/app/build/intermediates/classes/debug/com/example/alxsoa/textwatch_03/MainActivity.class'
2015-02-03 20:23:08: Copy Over '/Users/alxsoa/Desktop/Curso_de_Android/Exemplos/TextWatch/TextWatch-03/app/build/intermediates/classes/debug/com/example/alxsoa/textwatch_03/R$attr.class' -> '/Users/alxsoa/Work/Desenvolvimento/Android/Exemplos/TextWatch/TextWatch-03/app/build/intermediates/classes/debug/com/example/alxsoa/textwatch_03/R$attr.class'
2015-02-03 20:23:08: Copy Over '/Users/alxsoa/Desktop/Curso_de_Android/Exemplos/TextWatch/TextWatch-03/app/build/intermediates/classes/debug/com/example/alxsoa/textwatch_03/R$dimen.class' -> '/Users/alxsoa/Work/Desenvolvimento/Android/Exemplos/TextWatch/TextWatch-03/app/build/intermediates/classes/debug/com/example/alxsoa/textwatch_03/R$dimen.class'
2015-02-03 20:23:08: Copy Over '/Users/alxsoa/Desktop/Curso_de_Android/Exemplos/TextWatch/TextWatch-03/app/build/intermediates/classes/debug/com/example/alxsoa/textwatch_03/R$drawable.class' -> '/Users/alxsoa/Work/Desenvolvimento/Android/Exemplos/TextWatch/TextWatch-03/app/build/intermediates/classes/debug/com/example/alxsoa/textwatch_03/R$drawable.class'
2015-02-03 20:23:08: Copy Over '/Users/alxsoa/Desktop/Curso_de_Android/Exemplos/TextWatch/TextWatch-03/app/build/intermediates/classes/debug/com/example/alxsoa/textwatch_03/R$id.class' -> '/Users/alxsoa/Work/Desenvolvimento/Android/Exemplos/TextWatch/TextWatch-03/app/build/intermediates/classes/debug/com/example/alxsoa/textwatch_03/R$id.class'
2015-02-03 20:23:08: Copy Over '/Users/alxsoa/Desktop/Curso_de_Android/Exemplos/TextWatch/TextWatch-03/app/build/intermediates/classes/debug/com/example/alxsoa/textwatch_03/R$layout.class' -> '/Users/alxsoa/Work/Desenvolvimento/Android/Exemplos/TextWatch/TextWatch-03/app/build/intermediates/classes/debug/com/example/alxsoa/textwatch_03/R$layout.class'
2015-02-03 20:23:08: Copy Over '/Users/alxsoa/Desktop/Curso_de_Android/Exemplos/TextWatch/TextWatch-03/app/build/intermediates/classes/debug/com/example/alxsoa/textwatch_03/R$string.class' -> '/Users/alxsoa/Work/Desenvolvimento/Android/Exemplos/TextWatch/TextWatch-03/app/build/intermediates/classes/debug/com/example/alxsoa/textwatch_03/R$string.class'
2015-02-03 20:23:08: Copy Over '/Users/alxsoa/Desktop/Curso_de_Android/Exemplos/TextWatch/TextWatch-03/app/build/intermediates/classes/debug/com/example/alxsoa/textwatch_03/R$style.class' -> '/Users/alxsoa/Work/Desenvolvimento/Android/Exemplos/TextWatch/TextWatch-03/app/build/intermediates/classes/debug/com/example/alxsoa/textwatch_03/R$style.class'
2015-02-03 20:23:08: Copy Over '/Users/alxsoa/Desktop/Curso_de_Android/Exemplos/TextWatch/TextWatch-03/app/build/intermediates/classes/debug/com/example/alxsoa/textwatch_03/R.class' -> '/Users/alxsoa/Work/Desenvolvimento/Android/Exemplos/TextWatch/TextWatch-03/app/build/intermediates/classes/debug/com/example/alxsoa/textwatch_03/R.class'
2015-02-03 20:23:08: Copy Over '/Users/alxsoa/Desktop/Curso_de_Android/Exemplos/TextWatch/TextWatch-03/app/build/intermediates/dex/debug/classes.dex' -> '/Users/alxsoa/Work/Desenvolvimento/Android/Exemplos/TextWatch/TextWatch-03/app/build/intermediates/dex/debug/classes.dex'
2015-02-03 20:23:08: Copy Over '/Users/alxsoa/Desktop/Curso_de_Android/Exemplos/TextWatch/TextWatch-03/app/build/intermediates/incremental/aidl/debug/dependency.store' -> '/Users/alxsoa/Work/Desenvolvimento/Android/Exemplos/TextWatch/TextWatch-03/app/build/intermediates/incremental/aidl/debug/dependency.store'
2015-02-03 20:23:08: Copy Over '/Users/alxsoa/Desktop/Curso_de_Android/Exemplos/TextWatch/TextWatch-03/app/build/intermediates/incremental/aidl/test/debug/dependency.store' -> '/Users/alxsoa/Work/Desenvolvimento/Android/Exemplos/TextWatch/TextWatch-03/app/build/intermediates/incremental/aidl/test/debug/dependency.store'
2015-02-03 20:23:08: Copy Over '/Users/alxsoa/Desktop/Curso_de_Android/Exemplos/TextWatch/TextWatch-03/app/build/intermediates/incremental/mergeAssets/debug/merger.xml' -> '/Users/alxsoa/Work/Desenvolvimento/Android/Exemplos/TextWatch/TextWatch-03/app/build/intermediates/incremental/mergeAssets/debug/merger.xml'
2015-02-03 20:23:08: Copy Over '/Users/alxsoa/Desktop/Curso_de_Android/Exemplos/TextWatch/TextWatch-03/app/build/intermediates/incremental/mergeAssets/test/debug/merger.xml' -> '/Users/alxsoa/Work/Desenvolvimento/Android/Exemplos/TextWatch/TextWatch-03/app/build/intermediates/incremental/mergeAssets/test/debug/merger.xml'
2015-02-03 20:23:08: Copy Over '/Users/alxsoa/Desktop/Curso_de_Android/Exemplos/TextWatch/TextWatch-03/app/build/intermediates/incremental/mergeResources/debug/merger.xml' -> '/Users/alxsoa/Work/Desenvolvimento/Android/Exemplos/TextWatch/TextWatch-03/app/build/intermediates/incremental/mergeResources/debug/merger.xml'
2015-02-03 20:23:08: Copy Over '/Users/alxsoa/Desktop/Curso_de_Android/Exemplos/TextWatch/TextWatch-03/app/build/intermediates/incremental/mergeResources/test/debug/merger.xml' -> '/Users/alxsoa/Work/Desenvolvimento/Android/Exemplos/TextWatch/TextWatch-03/app/build/intermediates/incremental/mergeResources/test/debug/merger.xml'
2015-02-03 20:23:08: Copy Over '/Users/alxsoa/Desktop/Curso_de_Android/Exemplos/TextWatch/TextWatch-03/app/build/intermediates/manifests/full/debug/AndroidManifest.xml' -> '/Users/alxsoa/Work/Desenvolvimento/Android/Exemplos/TextWatch/TextWatch-03/app/build/intermediates/manifests/full/debug/AndroidManifest.xml'
2015-02-03 20:23:08: Copy Over '/Users/alxsoa/Desktop/Curso_de_Android/Exemplos/TextWatch/TextWatch-03/app/build/intermediates/manifests/test/debug/AndroidManifest.xml' -> '/Users/alxsoa/Work/Desenvolvimento/Android/Exemplos/TextWatch/TextWatch-03/app/build/intermediates/manifests/test/debug/AndroidManifest.xml'
2015-02-03 20:23:08: Copy Over '/Users/alxsoa/Desktop/Curso_de_Android/Exemplos/TextWatch/TextWatch-03/app/build/intermediates/res/debug/drawable-hdpi-v4/ic_launcher.png' -> '/Users/alxsoa/Work/Desenvolvimento/Android/Exemplos/TextWatch/TextWatch-03/app/build/intermediates/res/debug/drawable-hdpi-v4/ic_launcher.png'
2015-02-03 20:23:08: Copy Over '/Users/alxsoa/Desktop/Curso_de_Android/Exemplos/TextWatch/TextWatch-03/app/build/intermediates/res/debug/drawable-ldpi-v4/ic_launcher.png' -> '/Users/alxsoa/Work/Desenvolvimento/Android/Exemplos/TextWatch/TextWatch-03/app/build/intermediates/res/debug/drawable-ldpi-v4/ic_launcher.png'
2015-02-03 20:23:08: Copy Over '/Users/alxsoa/Desktop/Curso_de_Android/Exemplos/TextWatch/TextWatch-03/app/build/intermediates/res/debug/drawable-mdpi-v4/ic_launcher.png' -> '/Users/alxsoa/Work/Desenvolvimento/Android/Exemplos/TextWatch/TextWatch-03/app/build/intermediates/res/debug/drawable-mdpi-v4/ic_launcher.png'
2015-02-03 20:23:08: Copy Over '/Users/alxsoa/Desktop/Curso_de_Android/Exemplos/TextWatch/TextWatch-03/app/build/intermediates/res/debug/drawable-xhdpi-v4/ic_launcher.png' -> '/Users/alxsoa/Work/Desenvolvimento/Android/Exemplos/TextWatch/TextWatch-03/app/build/intermediates/res/debug/drawable-xhdpi-v4/ic_launcher.png'
2015-02-03 20:23:08: Copy Over '/Users/alxsoa/Desktop/Curso_de_Android/Exemplos/TextWatch/TextWatch-03/app/build/intermediates/res/debug/drawable-xxhdpi-v4/ic_launcher.png' -> '/Users/alxsoa/Work/Desenvolvimento/Android/Exemplos/TextWatch/TextWatch-03/app/build/intermediates/res/debug/drawable-xxhdpi-v4/ic_launcher.png'
2015-02-03 20:23:08: Copy Over '/Users/alxsoa/Desktop/Curso_de_Android/Exemplos/TextWatch/TextWatch-03/app/build/intermediates/res/debug/layout/activity_main.xml' -> '/Users/alxsoa/Work/Desenvolvimento/Android/Exemplos/TextWatch/TextWatch-03/app/build/intermediates/res/debug/layout/activity_main.xml'
2015-02-03 20:23:08: Copy Over '/Users/alxsoa/Desktop/Curso_de_Android/Exemplos/TextWatch/TextWatch-03/app/build/intermediates/res/debug/values/values.xml' -> '/Users/alxsoa/Work/Desenvolvimento/Android/Exemplos/TextWatch/TextWatch-03/app/build/intermediates/res/debug/values/values.xml'
2015-02-03 20:23:08: Copy Over '/Users/alxsoa/Desktop/Curso_de_Android/Exemplos/TextWatch/TextWatch-03/app/build/intermediates/res/debug/values-v21/values.xml' -> '/Users/alxsoa/Work/Desenvolvimento/Android/Exemplos/TextWatch/TextWatch-03/app/build/intermediates/res/debug/values-v21/values.xml'
2015-02-03 20:23:08: Copy Over '/Users/alxsoa/Desktop/Curso_de_Android/Exemplos/TextWatch/TextWatch-03/app/build/intermediates/res/debug/values-w820dp-v13/values.xml' -> '/Users/alxsoa/Work/Desenvolvimento/Android/Exemplos/TextWatch/TextWatch-03/app/build/intermediates/res/debug/values-w820dp-v13/values.xml'
2015-02-03 20:23:08: Copy Over '/Users/alxsoa/Desktop/Curso_de_Android/Exemplos/TextWatch/TextWatch-03/app/build/intermediates/res/resources-debug-test.ap_' -> '/Users/alxsoa/Work/Desenvolvimento/Android/Exemplos/TextWatch/TextWatch-03/app/build/intermediates/res/resources-debug-test.ap_'
2015-02-03 20:23:08: Copy Over '/Users/alxsoa/Desktop/Curso_de_Android/Exemplos/TextWatch/TextWatch-03/app/build/intermediates/res/resources-debug.ap_' -> '/Users/alxsoa/Work/Desenvolvimento/Android/Exemplos/TextWatch/TextWatch-03/app/build/intermediates/res/resources-debug.ap_'
2015-02-03 20:23:08: Copy Over '/Users/alxsoa/Desktop/Curso_de_Android/Exemplos/TextWatch/TextWatch-03/app/build/intermediates/tmp/dex/debug/inputList.txt' -> '/Users/alxsoa/Work/Desenvolvimento/Android/Exemplos/TextWatch/TextWatch-03/app/build/intermediates/tmp/dex/debug/inputList.txt'
2015-02-03 20:23:08: Copy Over '/Users/alxsoa/Desktop/Curso_de_Android/Exemplos/TextWatch/TextWatch-03/app/build/outputs/apk/app-debug-unaligned.apk' -> '/Users/alxsoa/Work/Desenvolvimento/Android/Exemplos/TextWatch/TextWatch-03/app/build/outputs/apk/app-debug-unaligned.apk'
2015-02-03 20:23:08: Copy Over '/Users/alxsoa/Desktop/Curso_de_Android/Exemplos/TextWatch/TextWatch-03/app/build/outputs/apk/app-debug.apk' -> '/Users/alxsoa/Work/Desenvolvimento/Android/Exemplos/TextWatch/TextWatch-03/app/build/outputs/apk/app-debug.apk'
2015-02-03 20:23:08: Copy Over '/Users/alxsoa/Desktop/Curso_de_Android/Exemplos/TextWatch/TextWatch-03/app/build/outputs/apk/manifest-merger-debug-report.txt' -> '/Users/alxsoa/Work/Desenvolvimento/Android/Exemplos/TextWatch/TextWatch-03/app/build/outputs/apk/manifest-merger-debug-report.txt'
2015-02-03 20:23:08: Copy Over '/Users/alxsoa/Desktop/Curso_de_Android/Exemplos/TextWatch/TextWatch-03/app/build.gradle' -> '/Users/alxsoa/Work/Desenvolvimento/Android/Exemplos/TextWatch/TextWatch-03/app/build.gradle'
2015-02-03 20:23:08: Copy Over '/Users/alxsoa/Desktop/Curso_de_Android/Exemplos/TextWatch/TextWatch-03/app/src/main/AndroidManifest.xml' -> '/Users/alxsoa/Work/Desenvolvimento/Android/Exemplos/TextWatch/TextWatch-03/app/src/main/AndroidManifest.xml'
2015-02-03 20:23:08: Copy Over '/Users/alxsoa/Desktop/Curso_de_Android/Exemplos/TextWatch/TextWatch-03/build/intermediates/model_data.bin' -> '/Users/alxsoa/Work/Desenvolvimento/Android/Exemplos/TextWatch/TextWatch-03/build/intermediates/model_data.bin'
2015-02-03 20:23:09: == Sync Complete. Time: 00:00:02, Speed: 1.2 MB/s, OK: 150, Errors: 0
2015-02-03 20:23:09: 
